<?xml version="1.0" encoding="UTF-8"?>
<testsuite name="uk.gov.justice.digital.hmpps.makerecalldecisionapi.integration.controller.CaseOverviewControllerTest" tests="2" skipped="0" failures="0" errors="0" timestamp="2022-05-12T13:56:06" hostname="Loki-7281" time="1.326">
  <properties/>
  <testcase name="access denied when insufficient privileges used()" classname="uk.gov.justice.digital.hmpps.makerecalldecisionapi.integration.controller.CaseOverviewControllerTest" time="0.635"/>
  <testcase name="retrieves case summary details()" classname="uk.gov.justice.digital.hmpps.makerecalldecisionapi.integration.controller.CaseOverviewControllerTest" time="0.69"/>
  <system-out><![CDATA[2022-05-12 14:56:06.544  INFO 5981 --- [ver-EventLog164] org.mockserver.log.MockServerEventLog    : 8092 started on port: 8092 |  
2022-05-12 14:56:06.556  INFO 5981 --- [ver-EventLog167] org.mockserver.log.MockServerEventLog    : 8093 started on port: 8093 |  
2022-05-12 14:56:06.570  INFO 5981 --- [ver-EventLog170] org.mockserver.log.MockServerEventLog    : 8094 started on port: 8094 |  
2022-05-12 14:56:06.581  INFO 5981 --- [ver-EventLog173] org.mockserver.log.MockServerEventLog    : 9090 started on port: 9090 |  
2022-05-12 14:56:06.585  INFO 5981 --- [    Test worker] .b.t.c.SpringBootTestContextBootstrapper : Neither @ContextConfiguration nor @ContextHierarchy found for test class [uk.gov.justice.digital.hmpps.makerecalldecisionapi.integration.controller.CaseOverviewControllerTest], using SpringBootContextLoader |  
2022-05-12 14:56:06.588  INFO 5981 --- [    Test worker] o.s.t.c.support.AbstractContextLoader    : Could not detect default resource locations for test class [uk.gov.justice.digital.hmpps.makerecalldecisionapi.integration.controller.CaseOverviewControllerTest]: no resource found for suffixes {-context.xml, Context.groovy}. |  
2022-05-12 14:56:06.588  INFO 5981 --- [    Test worker] t.c.s.AnnotationConfigContextLoaderUtils : Could not detect default configuration classes for test class [uk.gov.justice.digital.hmpps.makerecalldecisionapi.integration.controller.CaseOverviewControllerTest]: CaseOverviewControllerTest does not declare any static, non-private, non-final, nested classes annotated with @Configuration. |  
2022-05-12 14:56:06.626  INFO 5981 --- [    Test worker] .b.t.c.SpringBootTestContextBootstrapper : Found @SpringBootConfiguration uk.gov.justice.digital.hmpps.makerecalldecisionapi.MakeRecallDecisionApi for test class uk.gov.justice.digital.hmpps.makerecalldecisionapi.integration.controller.CaseOverviewControllerTest |  
2022-05-12 14:56:06.633  INFO 5981 --- [    Test worker] .b.t.c.SpringBootTestContextBootstrapper : Loaded default TestExecutionListener class names from location [META-INF/spring.factories]: [org.springframework.boot.test.autoconfigure.restdocs.RestDocsTestExecutionListener, org.springframework.boot.test.autoconfigure.web.client.MockRestServiceServerResetTestExecutionListener, org.springframework.boot.test.autoconfigure.web.servlet.MockMvcPrintOnlyOnFailureTestExecutionListener, org.springframework.boot.test.autoconfigure.web.servlet.WebDriverTestExecutionListener, org.springframework.boot.test.autoconfigure.webservices.client.MockWebServiceServerTestExecutionListener, org.springframework.boot.test.mock.mockito.MockitoTestExecutionListener, org.springframework.boot.test.mock.mockito.ResetMocksTestExecutionListener, org.springframework.test.context.web.ServletTestExecutionListener, org.springframework.test.context.support.DirtiesContextBeforeModesTestExecutionListener, org.springframework.test.context.event.ApplicationEventsTestExecutionListener, org.springframework.test.context.support.DependencyInjectionTestExecutionListener, org.springframework.test.context.support.DirtiesContextTestExecutionListener, org.springframework.test.context.transaction.TransactionalTestExecutionListener, org.springframework.test.context.jdbc.SqlScriptsTestExecutionListener, org.springframework.test.context.event.EventPublishingTestExecutionListener] |  
2022-05-12 14:56:06.635  INFO 5981 --- [    Test worker] .b.t.c.SpringBootTestContextBootstrapper : Using TestExecutionListeners: [org.springframework.test.context.web.ServletTestExecutionListener@1766b7, org.springframework.test.context.support.DirtiesContextBeforeModesTestExecutionListener@56f3f9da, org.springframework.test.context.event.ApplicationEventsTestExecutionListener@56587330, org.springframework.boot.test.mock.mockito.MockitoTestExecutionListener@227cba85, org.springframework.boot.test.autoconfigure.SpringBootDependencyInjectionTestExecutionListener@19e552a3, org.springframework.test.context.support.DirtiesContextTestExecutionListener@5091456c, org.springframework.test.context.transaction.TransactionalTestExecutionListener@45c57dbd, org.springframework.test.context.jdbc.SqlScriptsTestExecutionListener@22a5f12, org.springframework.test.context.event.EventPublishingTestExecutionListener@316975be, org.springframework.boot.test.autoconfigure.restdocs.RestDocsTestExecutionListener@6b09fcda, org.springframework.boot.test.autoconfigure.web.client.MockRestServiceServerResetTestExecutionListener@5cf4c93, org.springframework.boot.test.autoconfigure.web.servlet.MockMvcPrintOnlyOnFailureTestExecutionListener@55cd41f7, org.springframework.boot.test.autoconfigure.web.servlet.WebDriverTestExecutionListener@2ff30a75, org.springframework.boot.test.autoconfigure.webservices.client.MockWebServiceServerTestExecutionListener@b38dc7d, org.springframework.boot.test.mock.mockito.ResetMocksTestExecutionListener@746cb25d] |  
2022-05-12 14:56:06.680  INFO 5981 --- [ver-EventLog164] org.mockserver.log.MockServerEventLog    : 8092 resetting all expectations and request logs |  
2022-05-12 14:56:06.696  INFO 5981 --- [ver-EventLog167] org.mockserver.log.MockServerEventLog    : 8093 resetting all expectations and request logs |  
2022-05-12 14:56:06.713  INFO 5981 --- [ver-EventLog170] org.mockserver.log.MockServerEventLog    : 8094 resetting all expectations and request logs |  
2022-05-12 14:56:06.737  INFO 5981 --- [ver-EventLog173] org.mockserver.log.MockServerEventLog    : 9090 creating expectation:

  {
    "httpRequest" : {
      "path" : "/auth/oauth/token"
    },
    "httpResponse" : {
      "headers" : {
        "content-type" : [ "application/json" ]
      },
      "body" : "{\"access_token\":\"ABCDE\",\"token_type\":\"bearer\"}"
    },
    "id" : "5229d29f-e0ef-4422-a225-8ec8ddf12cce",
    "priority" : 0,
    "timeToLive" : {
      "unlimited" : true
    },
    "times" : {
      "unlimited" : true
    }
  }

 with id:

  5229d29f-e0ef-4422-a225-8ec8ddf12cce
 |  
2022-05-12 14:56:06.779  INFO 5981 --- [ver-EventLog173] org.mockserver.log.MockServerEventLog    : 9090 creating expectation:

  {
    "httpRequest" : {
      "path" : "/auth/health/ping"
    },
    "httpResponse" : {
      "headers" : {
        "content-type" : [ "application/json" ]
      },
      "body" : "{\"status\":\"OK\"}"
    },
    "id" : "09ab06c7-e8b2-4612-a81e-b7c6426c9f21",
    "priority" : 0,
    "timeToLive" : {
      "unlimited" : true
    },
    "times" : {
      "unlimited" : true
    }
  }

 with id:

  09ab06c7-e8b2-4612-a81e-b7c6426c9f21
 |  
2022-05-12 14:56:06.807  INFO 5981 --- [ver-EventLog164] org.mockserver.log.MockServerEventLog    : 8092 creating expectation:

  {
    "httpRequest" : {
      "path" : "/ping"
    },
    "httpResponse" : {
      "headers" : {
        "content-type" : [ "application/json" ]
      },
      "body" : "{\"status\":\"OK\"}"
    },
    "id" : "b84996ba-1bb8-4ad8-829a-4402001f5017",
    "priority" : 0,
    "timeToLive" : {
      "unlimited" : true
    },
    "times" : {
      "unlimited" : true
    }
  }

 with id:

  b84996ba-1bb8-4ad8-829a-4402001f5017
 |  
2022-05-12 14:56:06.834  INFO 5981 --- [ver-EventLog167] org.mockserver.log.MockServerEventLog    : 8093 creating expectation:

  {
    "httpRequest" : {
      "path" : "/health/ping"
    },
    "httpResponse" : {
      "headers" : {
        "content-type" : [ "application/json" ]
      },
      "body" : "{\"status\":\"OK\"}"
    },
    "id" : "f8d07231-7b4f-41db-960a-4f2b0713b12e",
    "priority" : 0,
    "timeToLive" : {
      "unlimited" : true
    },
    "times" : {
      "unlimited" : true
    }
  }

 with id:

  f8d07231-7b4f-41db-960a-4f2b0713b12e
 |  
2022-05-12 14:56:06.859  INFO 5981 --- [ver-EventLog170] org.mockserver.log.MockServerEventLog    : 8094 creating expectation:

  {
    "httpRequest" : {
      "path" : "/health"
    },
    "httpResponse" : {
      "headers" : {
        "content-type" : [ "application/json" ]
      },
      "body" : "{\"status\":\"up\"}"
    },
    "id" : "5746939b-1e9b-4ac5-9184-635d4d444657",
    "priority" : 0,
    "timeToLive" : {
      "unlimited" : true
    },
    "times" : {
      "unlimited" : true
    }
  }

 with id:

  5746939b-1e9b-4ac5-9184-635d4d444657
 |  
2022-05-12 14:56:07.046  INFO 5981 --- [ver-EventLog167] org.mockserver.log.MockServerEventLog    : 8093 creating expectation:

  {
    "httpRequest" : {
      "path" : "/phrase",
      "queryStringParameters" : {
        "paged" : [ "false" ]
      }
    },
    "httpResponse" : {
      "headers" : {
        "content-type" : [ "application/json" ]
      },
      "body" : "{\n  \"content\": [\n    {\n      \"firstName\": \"Pontius\",\n      \"surname\": \"Pilate\",\n      \"dateOfBirth\": \"2000-11-09\"\n    }\n  ]\n}"
    },
    "id" : "1a5175e6-e770-4555-bd3d-c1cec9611f2d",
    "priority" : 0,
    "timeToLive" : {
      "unlimited" : true
    },
    "times" : {
      "remainingTimes" : 1
    }
  }

 with id:

  1a5175e6-e770-4555-bd3d-c1cec9611f2d
 |  
2022-05-12 14:56:07 5.13.2 INFO Initializing Spring DispatcherServlet 'dispatcherServlet' 
2022-05-12 14:56:07.245  INFO 5981 --- [o-auto-1-exec-1] o.s.web.servlet.DispatcherServlet        : Initializing Servlet 'dispatcherServlet' |  
2022-05-12 14:56:07.249  INFO 5981 --- [o-auto-1-exec-1] o.s.web.servlet.DispatcherServlet        : Completed initialization in 3 ms |  
2022-05-12 14:56:07.301  INFO 5981 --- [ver-EventLog164] org.mockserver.log.MockServerEventLog    : 8092 removed expectation:

  {
    "httpRequest" : {
      "path" : "/ping"
    },
    "httpResponse" : {
      "headers" : {
        "content-type" : [ "application/json" ]
      },
      "body" : "{\"status\":\"OK\"}"
    },
    "id" : "b84996ba-1bb8-4ad8-829a-4402001f5017",
    "priority" : 0,
    "timeToLive" : {
      "unlimited" : true
    },
    "times" : {
      "unlimited" : true
    }
  }

 with id:

  b84996ba-1bb8-4ad8-829a-4402001f5017
 |  
2022-05-12 14:56:07.301  INFO 5981 --- [ver-EventLog164] org.mockserver.log.MockServerEventLog    : 8092 resetting all expectations and request logs |  
2022-05-12 14:56:07.314  INFO 5981 --- [ver-EventLog167] org.mockserver.log.MockServerEventLog    : 8093 removed expectation:

  {
    "httpRequest" : {
      "path" : "/health/ping"
    },
    "httpResponse" : {
      "headers" : {
        "content-type" : [ "application/json" ]
      },
      "body" : "{\"status\":\"OK\"}"
    },
    "id" : "f8d07231-7b4f-41db-960a-4f2b0713b12e",
    "priority" : 0,
    "timeToLive" : {
      "unlimited" : true
    },
    "times" : {
      "unlimited" : true
    }
  }

 with id:

  f8d07231-7b4f-41db-960a-4f2b0713b12e
 |  
2022-05-12 14:56:07.315  INFO 5981 --- [ver-EventLog167] org.mockserver.log.MockServerEventLog    : 8093 removed expectation:

  {
    "httpRequest" : {
      "path" : "/phrase",
      "queryStringParameters" : {
        "paged" : [ "false" ]
      }
    },
    "httpResponse" : {
      "headers" : {
        "content-type" : [ "application/json" ]
      },
      "body" : "{\n  \"content\": [\n    {\n      \"firstName\": \"Pontius\",\n      \"surname\": \"Pilate\",\n      \"dateOfBirth\": \"2000-11-09\"\n    }\n  ]\n}"
    },
    "id" : "1a5175e6-e770-4555-bd3d-c1cec9611f2d",
    "priority" : 0,
    "timeToLive" : {
      "unlimited" : true
    },
    "times" : {
      "remainingTimes" : 1
    }
  }

 with id:

  1a5175e6-e770-4555-bd3d-c1cec9611f2d
 |  
2022-05-12 14:56:07.317  INFO 5981 --- [ver-EventLog167] org.mockserver.log.MockServerEventLog    : 8093 resetting all expectations and request logs |  
2022-05-12 14:56:07.325  INFO 5981 --- [ver-EventLog170] org.mockserver.log.MockServerEventLog    : 8094 removed expectation:

  {
    "httpRequest" : {
      "path" : "/health"
    },
    "httpResponse" : {
      "headers" : {
        "content-type" : [ "application/json" ]
      },
      "body" : "{\"status\":\"up\"}"
    },
    "id" : "5746939b-1e9b-4ac5-9184-635d4d444657",
    "priority" : 0,
    "timeToLive" : {
      "unlimited" : true
    },
    "times" : {
      "unlimited" : true
    }
  }

 with id:

  5746939b-1e9b-4ac5-9184-635d4d444657
 |  
2022-05-12 14:56:07.327  INFO 5981 --- [ver-EventLog170] org.mockserver.log.MockServerEventLog    : 8094 resetting all expectations and request logs |  
2022-05-12 14:56:07.336  INFO 5981 --- [ver-EventLog173] org.mockserver.log.MockServerEventLog    : 9090 creating expectation:

  {
    "httpRequest" : {
      "path" : "/auth/oauth/token"
    },
    "httpResponse" : {
      "headers" : {
        "content-type" : [ "application/json" ]
      },
      "body" : "{\"access_token\":\"ABCDE\",\"token_type\":\"bearer\"}"
    },
    "id" : "76165259-f7b8-43b3-82d3-205ea1993e50",
    "priority" : 0,
    "timeToLive" : {
      "unlimited" : true
    },
    "times" : {
      "unlimited" : true
    }
  }

 with id:

  76165259-f7b8-43b3-82d3-205ea1993e50
 |  
2022-05-12 14:56:07.346  INFO 5981 --- [ver-EventLog173] org.mockserver.log.MockServerEventLog    : 9090 creating expectation:

  {
    "httpRequest" : {
      "path" : "/auth/health/ping"
    },
    "httpResponse" : {
      "headers" : {
        "content-type" : [ "application/json" ]
      },
      "body" : "{\"status\":\"OK\"}"
    },
    "id" : "5b04dbee-c70c-4da8-869d-67a0dc472a6e",
    "priority" : 0,
    "timeToLive" : {
      "unlimited" : true
    },
    "times" : {
      "unlimited" : true
    }
  }

 with id:

  5b04dbee-c70c-4da8-869d-67a0dc472a6e
 |  
2022-05-12 14:56:07.358  INFO 5981 --- [ver-EventLog164] org.mockserver.log.MockServerEventLog    : 8092 creating expectation:

  {
    "httpRequest" : {
      "path" : "/ping"
    },
    "httpResponse" : {
      "headers" : {
        "content-type" : [ "application/json" ]
      },
      "body" : "{\"status\":\"OK\"}"
    },
    "id" : "ba71a6f8-4e76-4442-98a9-7273cc6ecbb8",
    "priority" : 0,
    "timeToLive" : {
      "unlimited" : true
    },
    "times" : {
      "unlimited" : true
    }
  }

 with id:

  ba71a6f8-4e76-4442-98a9-7273cc6ecbb8
 |  
2022-05-12 14:56:07.370  INFO 5981 --- [ver-EventLog167] org.mockserver.log.MockServerEventLog    : 8093 creating expectation:

  {
    "httpRequest" : {
      "path" : "/health/ping"
    },
    "httpResponse" : {
      "headers" : {
        "content-type" : [ "application/json" ]
      },
      "body" : "{\"status\":\"OK\"}"
    },
    "id" : "fcf132fe-3512-425f-ae4b-51cc9cf02016",
    "priority" : 0,
    "timeToLive" : {
      "unlimited" : true
    },
    "times" : {
      "unlimited" : true
    }
  }

 with id:

  fcf132fe-3512-425f-ae4b-51cc9cf02016
 |  
2022-05-12 14:56:07.384  INFO 5981 --- [ver-EventLog170] org.mockserver.log.MockServerEventLog    : 8094 creating expectation:

  {
    "httpRequest" : {
      "path" : "/health"
    },
    "httpResponse" : {
      "headers" : {
        "content-type" : [ "application/json" ]
      },
      "body" : "{\"status\":\"up\"}"
    },
    "id" : "f9a2f486-5eff-4d7b-8e7f-963ac5c10f9d",
    "priority" : 0,
    "timeToLive" : {
      "unlimited" : true
    },
    "times" : {
      "unlimited" : true
    }
  }

 with id:

  f9a2f486-5eff-4d7b-8e7f-963ac5c10f9d
 |  
2022-05-12 14:56:07.407  INFO 5981 --- [ver-EventLog164] org.mockserver.log.MockServerEventLog    : 8092 creating expectation:

  {
    "httpRequest" : {
      "path" : "/secure/offenders/crn/A12345/all"
    },
    "httpResponse" : {
      "headers" : {
        "content-type" : [ "application/json" ]
      },
      "body" : "{\n  \"activeProbationManagedSentence\": true,\n  \"contactDetails\": {\n    \"addresses\": [\n      {\n        \"addressNumber\": 32,\n        \"buildingName\": \"HMPPS Digital Studio\",\n        \"county\": \"South Yorkshire\",\n        \"createdDatetime\": \"2021-06-11T13:00:00\",\n        \"district\": \"Sheffield City Centre\",\n        \"from\": \"2021-06-10\",\n        \"lastUpdatedDatetime\": \"2021-06-11T14:00:00\",\n        \"latestAssessmentDate\": \"2021-06-11T12:00:00\",\n        \"noFixedAbode\": true,\n        \"notes\": \"Some address notes\",\n        \"postcode\": \"S3 7BS\",\n        \"status\": {\n          \"code\": \"ABC123\",\n          \"description\": \"Main\"\n        },\n        \"streetName\": \"Scotland Street\",\n        \"telephoneNumber\": \"0123456789\",\n        \"to\": \"2021-07-10\",\n        \"town\": \"Sheffield\",\n        \"type\": {\n          \"code\": \"ABC123\",\n          \"description\": \"Some description\"\n        },\n        \"typeVerified\": true\n      },\n      {\n        \"addressNumber\": 33,\n        \"buildingName\": \"HMPPS Digital Studio\",\n        \"county\": \"South Yorkshire\",\n        \"createdDatetime\": \"2021-06-11T13:00:00\",\n        \"district\": \"Sheffield City Centre\",\n        \"from\": \"2020-06-10\",\n        \"lastUpdatedDatetime\": \"2021-06-11T14:00:00\",\n        \"latestAssessmentDate\": \"2021-06-11T12:00:00\",\n        \"noFixedAbode\": true,\n        \"notes\": \"Some address notes\",\n        \"postcode\": \"S3 7BS\",\n        \"status\": {\n          \"code\": \"ABC123\",\n          \"description\": \"Not Main\"\n        },\n        \"streetName\": \"Scotland Street\",\n        \"telephoneNumber\": \"0123456789\",\n        \"to\": \"2020-07-10\",\n        \"town\": \"Sheffield\",\n        \"type\": {\n          \"code\": \"ABC123\",\n          \"description\": \"Some description\"\n        },\n        \"typeVerified\": true\n      }\n    ],\n    \"allowSMS\": true,\n    \"emailAddresses\": [\n      \"string\"\n    ],\n    \"phoneNumbers\": [\n      {\n        \"number\": \"string\",\n        \"type\": \"MOBILE\"\n      }\n    ]\n  },\n  \"currentDisposal\": 1,\n  \"currentExclusion\": true,\n  \"currentRestriction\": true,\n  \"currentTier\": \"D2\",\n  \"dateOfBirth\": \"1982-10-24\",\n  \"exclusionMessage\": \"string\",\n  \"firstName\": \"John\",\n  \"gender\": \"Male\",\n  \"middleNames\": [\n    \"string\"\n  ],\n  \"offenderAliases\": [\n    {\n      \"dateOfBirth\": \"2022-04-26\",\n      \"firstName\": \"string\",\n      \"gender\": \"string\",\n      \"id\": \"string\",\n      \"middleNames\": [\n        \"string\"\n      ],\n      \"surname\": \"string\"\n    }\n  ],\n  \"offenderId\": 0,\n  \"offenderManagers\": [\n    {\n      \"active\": true,\n      \"allocationReason\": {\n        \"code\": \"ABC123\",\n        \"description\": \"Some description\"\n      },\n      \"fromDate\": \"2022-04-26\",\n      \"partitionArea\": \"string\",\n      \"probationArea\": {\n        \"code\": \"N01\",\n        \"description\": \"NPS North West\",\n        \"institution\": {\n          \"code\": \"string\",\n          \"description\": \"string\",\n          \"establishmentType\": {\n            \"code\": \"ABC123\",\n            \"description\": \"Some description\"\n          },\n          \"institutionId\": 0,\n          \"institutionName\": \"string\",\n          \"isEstablishment\": true,\n          \"isPrivate\": true,\n          \"nomsPrisonInstitutionCode\": \"string\"\n        },\n        \"nps\": true,\n        \"organisation\": {\n          \"code\": \"ABC123\",\n          \"description\": \"Some description\"\n        },\n        \"probationAreaId\": 0,\n        \"teams\": [\n          {\n            \"borough\": {\n              \"code\": \"ABC123\",\n              \"description\": \"Some description\"\n            },\n            \"code\": \"string\",\n            \"description\": \"string\",\n            \"district\": {\n              \"code\": \"ABC123\",\n              \"description\": \"Some description\"\n            },\n            \"externalProvider\": {\n              \"code\": \"ABC123\",\n              \"description\": \"Some description\"\n            },\n            \"isPrivate\": true,\n            \"localDeliveryUnit\": {\n              \"code\": \"ABC123\",\n              \"description\": \"Some description\"\n            },\n            \"name\": \"string\",\n            \"providerTeamId\": 0,\n            \"scProvider\": {\n              \"code\": \"ABC123\",\n              \"description\": \"Some description\"\n            },\n            \"teamId\": 0\n          }\n        ]\n      },\n      \"providerEmployee\": {\n        \"forenames\": \"Sheila Linda\",\n        \"surname\": \"Hancock\"\n      },\n      \"softDeleted\": true,\n      \"staff\": {\n        \"code\": \"AN001A\",\n        \"forenames\": \"Sheila Linda\",\n        \"surname\": \"Hancock\",\n        \"unallocated\": true\n      },\n      \"team\": {\n        \"borough\": {\n          \"code\": \"ABC123\",\n          \"description\": \"Some description\"\n        },\n        \"code\": \"C01T04\",\n        \"description\": \"OMU A\",\n        \"district\": {\n          \"code\": \"ABC123\",\n          \"description\": \"Some description\"\n        },\n        \"emailAddress\": \"first.last@digital.justice.gov.uk\",\n        \"endDate\": \"2022-04-26\",\n        \"localDeliveryUnit\": {\n          \"code\": \"ABC123\",\n          \"description\": \"Some description\"\n        },\n        \"startDate\": \"2022-04-26\",\n        \"teamType\": {\n          \"code\": \"ABC123\",\n          \"description\": \"Some description\"\n        },\n        \"telephone\": \"09056714321\"\n      },\n      \"toDate\": \"2022-04-26\",\n      \"trustOfficer\": {\n        \"forenames\": \"Sheila Linda\",\n        \"surname\": \"Hancock\"\n      }\n    },\n    {\n      \"active\": false,\n      \"allocationReason\": {\n        \"code\": \"ABC123\",\n        \"description\": \"Some description\"\n      },\n      \"fromDate\": \"2022-04-26\",\n      \"partitionArea\": \"string\",\n      \"probationArea\": {\n        \"code\": \"N01\",\n        \"description\": \"NPS North West\",\n        \"institution\": {\n          \"code\": \"string\",\n          \"description\": \"string\",\n          \"establishmentType\": {\n            \"code\": \"ABC123\",\n            \"description\": \"Some description\"\n          },\n          \"institutionId\": 0,\n          \"institutionName\": \"string\",\n          \"isEstablishment\": true,\n          \"isPrivate\": true,\n          \"nomsPrisonInstitutionCode\": \"string\"\n        },\n        \"nps\": true,\n        \"organisation\": {\n          \"code\": \"ABC123\",\n          \"description\": \"Some description\"\n        },\n        \"probationAreaId\": 0,\n        \"teams\": [\n          {\n            \"borough\": {\n              \"code\": \"ABC123\",\n              \"description\": \"Some description\"\n            },\n            \"code\": \"string\",\n            \"description\": \"string\",\n            \"district\": {\n              \"code\": \"ABC123\",\n              \"description\": \"Some description\"\n            },\n            \"externalProvider\": {\n              \"code\": \"ABC123\",\n              \"description\": \"Some description\"\n            },\n            \"isPrivate\": true,\n            \"localDeliveryUnit\": {\n              \"code\": \"ABC123\",\n              \"description\": \"Some description\"\n            },\n            \"name\": \"string\",\n            \"providerTeamId\": 0,\n            \"scProvider\": {\n              \"code\": \"ABC123\",\n              \"description\": \"Some description\"\n            },\n            \"teamId\": 0\n          }\n        ]\n      },\n      \"providerEmployee\": {\n        \"forenames\": \"Sheila Linda\",\n        \"surname\": \"Hancock\"\n      },\n      \"softDeleted\": true,\n      \"staff\": {\n        \"code\": \"AN001A\",\n        \"forenames\": \"Sheila Linda\",\n        \"surname\": \"Hancock\",\n        \"unallocated\": true\n      },\n      \"team\": {\n        \"borough\": {\n          \"code\": \"ABC123\",\n          \"description\": \"Some description\"\n        },\n        \"code\": \"C01T04\",\n        \"description\": \"OMU A\",\n        \"district\": {\n          \"code\": \"ABC123\",\n          \"description\": \"Some description\"\n        },\n        \"emailAddress\": \"dua.lipa@digital.justice.gov.uk\",\n        \"endDate\": \"2022-04-26\",\n        \"localDeliveryUnit\": {\n          \"code\": \"ABC123\",\n          \"description\": \"Some description\"\n        },\n        \"startDate\": \"2022-04-26\",\n        \"teamType\": {\n          \"code\": \"ABC123\",\n          \"description\": \"Some description\"\n        },\n        \"telephone\": \"123\"\n      },\n      \"toDate\": \"2022-04-26\",\n      \"trustOfficer\": {\n        \"forenames\": \"Dua\",\n        \"surname\": \"Lipa\"\n      }\n    }\n  ],\n  \"offenderProfile\": {\n    \"disabilities\": [\n      {\n        \"disabilityId\": 0,\n        \"disabilityType\": {\n          \"code\": \"ABC123\",\n          \"description\": \"Some description\"\n        },\n        \"endDate\": \"2022-04-26\",\n        \"isActive\": true,\n        \"lastUpdatedDateTime\": \"2020-09-20T11:00:00+01:00\",\n        \"notes\": \"string\",\n        \"provisions\": [\n          {\n            \"finishDate\": \"2022-04-26\",\n            \"notes\": \"string\",\n            \"provisionId\": 0,\n            \"provisionType\": {\n              \"code\": \"ABC123\",\n              \"description\": \"Some description\"\n            },\n            \"startDate\": \"2022-04-26\"\n          }\n        ],\n        \"startDate\": \"2022-04-26\"\n      }\n    ],\n    \"ethnicity\": \"string\",\n    \"genderIdentity\": \"Prefer to self-describe\",\n    \"immigrationStatus\": \"string\",\n    \"nationality\": \"string\",\n    \"notes\": \"string\",\n    \"offenderDetails\": \"string\",\n    \"offenderLanguages\": {\n      \"languageConcerns\": \"string\",\n      \"otherLanguages\": [\n        \"string\"\n      ],\n      \"primaryLanguage\": \"string\",\n      \"requiresInterpreter\": true\n    },\n    \"previousConviction\": {\n      \"convictionDate\": \"2022-04-26\",\n      \"detail\": {\n        \"additionalProp1\": \"string\",\n        \"additionalProp2\": \"string\",\n        \"additionalProp3\": \"string\"\n      }\n    },\n    \"religion\": \"string\",\n    \"remandStatus\": \"string\",\n    \"riskColour\": \"string\",\n    \"secondaryNationality\": \"string\",\n    \"selfDescribedGender\": \"Jedi\",\n    \"sexualOrientation\": \"string\"\n  },\n  \"otherIds\": {\n    \"crn\": \"12345C\",\n    \"croNumber\": \"123456/04A\",\n    \"immigrationNumber\": \"A1234567\",\n    \"mostRecentPrisonerNumber\": \"G12345\",\n    \"niNumber\": \"AA112233B\",\n    \"nomsNumber\": \"A1234CR\",\n    \"pncNumber\": \"2004/0712343H\"\n  },\n  \"partitionArea\": \"National Data\",\n  \"preferredName\": \"Bob\",\n  \"previousSurname\": \"Davis\",\n  \"restrictionMessage\": \"string\",\n  \"softDeleted\": true,\n  \"surname\": \"Smith\",\n  \"title\": \"Mr\"\n}"
    },
    "id" : "3d5d7922-869d-46c7-b0ee-90d36e34190a",
    "priority" : 0,
    "timeToLive" : {
      "unlimited" : true
    },
    "times" : {
      "remainingTimes" : 1
    }
  }

 with id:

  3d5d7922-869d-46c7-b0ee-90d36e34190a
 |  
2022-05-12 14:56:07.423  INFO 5981 --- [ver-EventLog164] org.mockserver.log.MockServerEventLog    : 8092 creating expectation:

  {
    "httpRequest" : {
      "path" : "/secure/offenders/crn/A12345/convictions"
    },
    "httpResponse" : {
      "headers" : {
        "content-type" : [ "application/json" ]
      },
      "body" : "[\n  {\n    \"active\": true,\n    \"awaitingPsr\": true,\n    \"breachEnd\": \"2021-05-13\",\n    \"convictionDate\": \"2021-06-10\",\n    \"convictionId\": 2500000001,\n    \"courtAppearance\": {\n      \"appearanceDate\": \"2019-09-04T00:00:00\",\n      \"appearanceType\": {\n        \"code\": \"ABC123\",\n        \"description\": \"Some description\"\n      },\n      \"courtAppearanceId\": 2500000001,\n      \"courtCode\": \"SHEFMC\",\n      \"courtName\": \"Sheffield Magistrates Court\",\n      \"crn\": \"A12345\"\n    },\n    \"custody\": {\n      \"bookingNumber\": \"V74111\",\n      \"institution\": {\n        \"code\": \"string\",\n        \"description\": \"string\",\n        \"establishmentType\": {\n          \"code\": \"ABC123\",\n          \"description\": \"Some description\"\n        },\n        \"institutionId\": 0,\n        \"institutionName\": \"string\",\n        \"isEstablishment\": true,\n        \"isPrivate\": true,\n        \"nomsPrisonInstitutionCode\": \"string\"\n      },\n      \"keyDates\": {\n        \"conditionalReleaseDate\": \"2020-06-23\",\n        \"expectedPrisonOffenderManagerHandoverDate\": \"2020-06-23\",\n        \"expectedPrisonOffenderManagerHandoverStartDate\": \"2020-06-23\",\n        \"expectedReleaseDate\": \"2020-06-23\",\n        \"hdcEligibilityDate\": \"2020-06-23\",\n        \"licenceExpiryDate\": \"2020-06-23\",\n        \"paroleEligibilityDate\": \"2020-06-23\",\n        \"postSentenceSupervisionEndDate\": \"2020-06-23\",\n        \"sentenceExpiryDate\": \"2020-06-23\"\n      },\n      \"sentenceStartDate\": \"2022-04-26\",\n      \"status\": {\n        \"code\": \"ABC123\",\n        \"description\": \"Some description\"\n      }\n    },\n    \"failureToComplyCount\": 3,\n    \"inBreach\": true,\n    \"index\": 1,\n    \"latestCourtAppearanceOutcome\": {\n      \"code\": \"ABC123\",\n      \"description\": \"Some description\"\n    },\n    \"offences\": [\n      {\n        \"createdDatetime\": \"2022-04-26T20:39:47.778Z\",\n        \"detail\": {\n          \"abbreviation\": \"string\",\n          \"cjitCode\": \"string\",\n          \"code\": \"string\",\n          \"description\": \"Robbery (other than armed robbery)\",\n          \"form20Code\": \"string\",\n          \"mainCategoryAbbreviation\": \"string\",\n          \"mainCategoryCode\": \"string\",\n          \"mainCategoryDescription\": \"string\",\n          \"ogrsOffenceCategory\": \"string\",\n          \"subCategoryAbbreviation\": \"string\",\n          \"subCategoryCode\": \"string\",\n          \"subCategoryDescription\": \"string\"\n        },\n        \"lastUpdatedDatetime\": \"2022-04-26T20:39:47.778Z\",\n        \"mainOffence\": true,\n        \"offenceCount\": 0,\n        \"offenceDate\": \"2022-04-26T20:39:47.778Z\",\n        \"offenceId\": \"string\",\n        \"offenderId\": 0,\n        \"tics\": 0,\n        \"verdict\": \"string\"\n      }\n    ],\n    \"orderManagers\": [\n      {\n        \"dateEndOfAllocation\": \"2022-04-26T20:39:47.778Z\",\n        \"dateStartOfAllocation\": \"2022-04-26T20:39:47.778Z\",\n        \"gradeCode\": \"string\",\n        \"name\": \"string\",\n        \"officerId\": 0,\n        \"probationAreaId\": 0,\n        \"staffCode\": \"STFFCDEU\",\n        \"teamId\": 0\n      }\n    ],\n    \"referralDate\": \"2021-06-10\",\n    \"responsibleCourt\": {\n      \"buildingName\": \"Sheffield Magistrates Court\",\n      \"code\": \"SHEFMC\",\n      \"country\": \"England\",\n      \"county\": \"South Yorkshire\",\n      \"courtId\": 2500000001,\n      \"courtName\": \"Sheffield Magistrates Court\",\n      \"courtType\": {\n        \"code\": \"ABC123\",\n        \"description\": \"Some description\"\n      },\n      \"courtTypeId\": 310,\n      \"createdDatetime\": \"2014-05-29T21:50:16\",\n      \"fax\": \"0114 2756 373\",\n      \"lastUpdatedDatetime\": \"2014-05-29T21:50:16\",\n      \"locality\": \"Sheffield City Centre\",\n      \"postcode\": \"S3 8LU\",\n      \"probationArea\": {\n        \"code\": \"ABC123\",\n        \"description\": \"Some description\"\n      },\n      \"probationAreaId\": 1500001001,\n      \"secureEmailAddress\": \"example@example.com\",\n      \"selectable\": true,\n      \"street\": \"Castle Street\",\n      \"telephoneNumber\": \"0300 047 0777\",\n      \"town\": \"Sheffield\"\n    },\n    \"sentence\": {\n      \"additionalSentences\": [\n        {\n          \"additionalSentenceId\": 2500000001,\n          \"amount\": 100,\n          \"length\": 14,\n          \"notes\": \"Some additional sentence notes\",\n          \"type\": {\n            \"code\": \"ABC123\",\n            \"description\": \"Some description\"\n          }\n        }\n      ],\n      \"cja2003Order\": true,\n      \"defaultLength\": 0,\n      \"description\": \"string\",\n      \"effectiveLength\": 0,\n      \"expectedSentenceEndDate\": \"2022-04-26\",\n      \"failureToComplyLimit\": 0,\n      \"legacyOrder\": true,\n      \"lengthInDays\": 0,\n      \"originalLength\": 0,\n      \"originalLengthUnits\": \"string\",\n      \"secondLength\": 0,\n      \"secondLengthUnits\": \"string\",\n      \"sentenceId\": 0,\n      \"sentenceType\": {\n        \"code\": \"ABC123\",\n        \"description\": \"Some description\"\n      },\n      \"startDate\": \"2022-04-26\",\n      \"terminationDate\": \"2022-04-26\",\n      \"terminationReason\": \"string\",\n      \"unpaidWork\": {\n        \"appointments\": {\n          \"acceptableAbsences\": 0,\n          \"attended\": 0,\n          \"noOutcomeRecorded\": 0,\n          \"total\": 0,\n          \"unacceptableAbsences\": 0\n        },\n        \"minutesCompleted\": 0,\n        \"minutesOrdered\": 0,\n        \"status\": \"string\"\n      }\n    }\n  },\n   {\n    \"active\": false,\n    \"awaitingPsr\": true,\n    \"breachEnd\": \"2019-05-13\",\n    \"convictionDate\": \"2020-06-10\",\n    \"convictionId\": 2500000002,\n    \"courtAppearance\": {\n      \"appearanceDate\": \"2017-09-04T00:00:00\",\n      \"appearanceType\": {\n        \"code\": \"ABC124\",\n        \"description\": \"Some description\"\n      },\n      \"courtAppearanceId\": 2500000009,\n      \"courtCode\": \"SHEFMC\",\n      \"courtName\": \"Sheffield Magistrates Court\",\n      \"crn\": \"A12345\"\n    },\n    \"custody\": {\n      \"bookingNumber\": \"V74113\",\n      \"institution\": {\n        \"code\": \"string\",\n        \"description\": \"string\",\n        \"establishmentType\": {\n          \"code\": \"ABC125\",\n          \"description\": \"Some description\"\n        },\n        \"institutionId\": 0,\n        \"institutionName\": \"string\",\n        \"isEstablishment\": true,\n        \"isPrivate\": true,\n        \"nomsPrisonInstitutionCode\": \"string\"\n      },\n      \"keyDates\": {\n        \"conditionalReleaseDate\": \"2019-06-23\",\n        \"expectedPrisonOffenderManagerHandoverDate\": \"2019-06-23\",\n        \"expectedPrisonOffenderManagerHandoverStartDate\": \"2019-06-23\",\n        \"expectedReleaseDate\": \"2019-06-23\",\n        \"hdcEligibilityDate\": \"2019-06-23\",\n        \"licenceExpiryDate\": \"2019-06-23\",\n        \"paroleEligibilityDate\": \"2019-06-23\",\n        \"postSentenceSupervisionEndDate\": \"2019-06-23\",\n        \"sentenceExpiryDate\": \"2019-06-23\"\n      },\n      \"sentenceStartDate\": \"2020-04-26\",\n      \"status\": {\n        \"code\": \"ABC124\",\n        \"description\": \"Some description\"\n      }\n    },\n    \"failureToComplyCount\": 99,\n    \"inBreach\": true,\n    \"index\": 1,\n    \"latestCourtAppearanceOutcome\": {\n      \"code\": \"ABC124\",\n      \"description\": \"Some description\"\n    },\n    \"offences\": [\n      {\n        \"createdDatetime\": \"2020-04-26T20:39:47.778Z\",\n        \"detail\": {\n          \"abbreviation\": \"string\",\n          \"cjitCode\": \"string\",\n          \"code\": \"string\",\n          \"description\": \"string\",\n          \"form20Code\": \"string\",\n          \"mainCategoryAbbreviation\": \"string\",\n          \"mainCategoryCode\": \"string\",\n          \"mainCategoryDescription\": \"string\",\n          \"ogrsOffenceCategory\": \"string\",\n          \"subCategoryAbbreviation\": \"string\",\n          \"subCategoryCode\": \"string\",\n          \"subCategoryDescription\": \"string\"\n        },\n        \"lastUpdatedDatetime\": \"2020-04-26T20:39:47.778Z\",\n        \"mainOffence\": true,\n        \"offenceCount\": 0,\n        \"offenceDate\": \"2020-04-26T20:39:47.778Z\",\n        \"offenceId\": \"string\",\n        \"offenderId\": 0,\n        \"tics\": 0,\n        \"verdict\": \"string\"\n      }\n    ],\n    \"orderManagers\": [\n      {\n        \"dateEndOfAllocation\": \"2020-04-26T20:39:47.778Z\",\n        \"dateStartOfAllocation\": \"2020-04-26T20:39:47.778Z\",\n        \"gradeCode\": \"string\",\n        \"name\": \"string\",\n        \"officerId\": 0,\n        \"probationAreaId\": 0,\n        \"staffCode\": \"STFFCDEU\",\n        \"teamId\": 0\n      }\n    ],\n    \"referralDate\": \"2019-06-10\",\n    \"responsibleCourt\": {\n      \"buildingName\": \"Sheffield Magistrates Court\",\n      \"code\": \"SHEFMC\",\n      \"country\": \"England\",\n      \"county\": \"South Yorkshire\",\n      \"courtId\": 2500000001,\n      \"courtName\": \"Sheffield Magistrates Court\",\n      \"courtType\": {\n        \"code\": \"ABC126\",\n        \"description\": \"Some description\"\n      },\n      \"courtTypeId\": 310,\n      \"createdDatetime\": \"2014-05-29T21:50:16\",\n      \"fax\": \"0114 2756 373\",\n      \"lastUpdatedDatetime\": \"2014-05-29T21:50:16\",\n      \"locality\": \"Sheffield City Centre\",\n      \"postcode\": \"S3 8LU\",\n      \"probationArea\": {\n        \"code\": \"ABC123\",\n        \"description\": \"Some description\"\n      },\n      \"probationAreaId\": 1500001001,\n      \"secureEmailAddress\": \"example@example.com\",\n      \"selectable\": true,\n      \"street\": \"Castle Street\",\n      \"telephoneNumber\": \"0300 047 0777\",\n      \"town\": \"Sheffield\"\n    },\n    \"sentence\": {\n      \"additionalSentences\": [\n        {\n          \"additionalSentenceId\": 2500000001,\n          \"amount\": 100,\n          \"length\": 14,\n          \"notes\": \"Some additional sentence notes\",\n          \"type\": {\n            \"code\": \"ABC123\",\n            \"description\": \"Some description\"\n          }\n        }\n      ],\n      \"cja2003Order\": true,\n      \"defaultLength\": 0,\n      \"description\": \"string\",\n      \"effectiveLength\": 0,\n      \"expectedSentenceEndDate\": \"2022-04-26\",\n      \"failureToComplyLimit\": 0,\n      \"legacyOrder\": true,\n      \"lengthInDays\": 0,\n      \"originalLength\": 0,\n      \"originalLengthUnits\": \"string\",\n      \"secondLength\": 0,\n      \"secondLengthUnits\": \"string\",\n      \"sentenceId\": 0,\n      \"sentenceType\": {\n        \"code\": \"ABC123\",\n        \"description\": \"Some description\"\n      },\n      \"startDate\": \"2022-04-26\",\n      \"terminationDate\": \"2022-04-26\",\n      \"terminationReason\": \"string\",\n      \"unpaidWork\": {\n        \"appointments\": {\n          \"acceptableAbsences\": 0,\n          \"attended\": 0,\n          \"noOutcomeRecorded\": 0,\n          \"total\": 0,\n          \"unacceptableAbsences\": 0\n        },\n        \"minutesCompleted\": 0,\n        \"minutesOrdered\": 0,\n        \"status\": \"string\"\n      }\n    }\n  }\n]"
    },
    "id" : "0a0b0dc2-6a7c-4188-a5eb-805a83c41581",
    "priority" : 0,
    "timeToLive" : {
      "unlimited" : true
    },
    "times" : {
      "remainingTimes" : 1
    }
  }

 with id:

  0a0b0dc2-6a7c-4188-a5eb-805a83c41581
 |  
2022-05-12 14:56:07.587  INFO 5981 --- [o-auto-1-exec-2] u.g.j.d.h.m.c.SentryContextAppender      : [preHandle] GET /cases/A12345/overview - operationId: 00000000000000000000000000000000 |  
2022-05-12 14:56:07.771  INFO 5981 --- [-2 @coroutine#3] g.j.d.h.m.c.OverviewController$Companion : Overview endpoint hit for CRN: A12345 |  
2022-05-12 14:56:07.802  INFO 5981 --- [ver-EventLog173] org.mockserver.log.MockServerEventLog    : 9090 received request:

  {
    "method" : "POST",
    "path" : "/auth/oauth/token",
    "headers" : {
      "content-length" : [ "29" ],
      "User-Agent" : [ "Java/17.0.2" ],
      "Host" : [ "localhost:9090" ],
      "Content-Type" : [ "application/x-www-form-urlencoded;charset=UTF-8" ],
      "Connection" : [ "keep-alive" ],
      "Authorization" : [ "Basic bWFrZS1yZWNhbGwtZGVjaXNpb24tYXBpOmNsaWVudHNlY3JldA==" ],
      "Accept" : [ "application/json;charset=UTF-8" ]
    },
    "keepAlive" : true,
    "secure" : false,
    "body" : "grant_type=client_credentials"
  }
 |  
2022-05-12 14:56:07.803  INFO 5981 --- [ver-EventLog173] org.mockserver.log.MockServerEventLog    : 9090 request:

  {
    "method" : "POST",
    "path" : "/auth/oauth/token",
    "headers" : {
      "content-length" : [ "29" ],
      "User-Agent" : [ "Java/17.0.2" ],
      "Host" : [ "localhost:9090" ],
      "Content-Type" : [ "application/x-www-form-urlencoded;charset=UTF-8" ],
      "Connection" : [ "keep-alive" ],
      "Authorization" : [ "Basic bWFrZS1yZWNhbGwtZGVjaXNpb24tYXBpOmNsaWVudHNlY3JldA==" ],
      "Accept" : [ "application/json;charset=UTF-8" ]
    },
    "keepAlive" : true,
    "secure" : false,
    "body" : "grant_type=client_credentials"
  }

 matched expectation:

  {
    "httpRequest" : {
      "path" : "/auth/oauth/token"
    },
    "httpResponse" : {
      "headers" : {
        "content-type" : [ "application/json" ]
      },
      "body" : "{\"access_token\":\"ABCDE\",\"token_type\":\"bearer\"}"
    },
    "id" : "5229d29f-e0ef-4422-a225-8ec8ddf12cce",
    "priority" : 0,
    "timeToLive" : {
      "unlimited" : true
    },
    "times" : {
      "unlimited" : true
    }
  }
 |  
2022-05-12 14:56:07.804  INFO 5981 --- [ver-EventLog173] org.mockserver.log.MockServerEventLog    : 9090 returning response:

  {
    "headers" : {
      "content-type" : [ "application/json" ]
    },
    "body" : "{\"access_token\":\"ABCDE\",\"token_type\":\"bearer\"}"
  }

 for request:

  {
    "method" : "POST",
    "path" : "/auth/oauth/token",
    "headers" : {
      "content-length" : [ "29" ],
      "User-Agent" : [ "Java/17.0.2" ],
      "Host" : [ "localhost:9090" ],
      "Content-Type" : [ "application/x-www-form-urlencoded;charset=UTF-8" ],
      "Connection" : [ "keep-alive" ],
      "Authorization" : [ "Basic bWFrZS1yZWNhbGwtZGVjaXNpb24tYXBpOmNsaWVudHNlY3JldA==" ],
      "Accept" : [ "application/json;charset=UTF-8" ]
    },
    "keepAlive" : true,
    "secure" : false,
    "body" : "grant_type=client_credentials"
  }

 for action:

  {
    "headers" : {
      "content-type" : [ "application/json" ]
    },
    "body" : "{\"access_token\":\"ABCDE\",\"token_type\":\"bearer\"}"
  }

 from expectation:

  5229d29f-e0ef-4422-a225-8ec8ddf12cce
 |  
2022-05-12 14:56:07.815  INFO 5981 --- [ver-EventLog164] org.mockserver.log.MockServerEventLog    : 8092 received request:

  {
    "method" : "GET",
    "path" : "/secure/offenders/crn/A12345/convictions",
    "headers" : {
      "user-agent" : [ "ReactorNetty/1.0.18" ],
      "host" : [ "localhost:8092" ],
      "content-length" : [ "0" ],
      "accept-encoding" : [ "gzip" ],
      "accept" : [ "*/*" ],
      "Authorization" : [ "Bearer ABCDE" ]
    },
    "keepAlive" : true,
    "secure" : false,
    "remoteAddress" : "127.0.0.1"
  }
 |  
2022-05-12 14:56:07.816  INFO 5981 --- [ver-EventLog164] org.mockserver.log.MockServerEventLog    : 8092 request:

  {
    "method" : "GET",
    "path" : "/secure/offenders/crn/A12345/convictions",
    "headers" : {
      "user-agent" : [ "ReactorNetty/1.0.18" ],
      "host" : [ "localhost:8092" ],
      "content-length" : [ "0" ],
      "accept-encoding" : [ "gzip" ],
      "accept" : [ "*/*" ],
      "Authorization" : [ "Bearer ABCDE" ]
    },
    "keepAlive" : true,
    "secure" : false,
    "remoteAddress" : "127.0.0.1"
  }

 didn't match expectation:

  {
    "httpRequest" : {
      "path" : "/ping"
    },
    "httpResponse" : {
      "headers" : {
        "content-type" : [ "application/json" ]
      },
      "body" : "{\"status\":\"OK\"}"
    },
    "id" : "ba71a6f8-4e76-4442-98a9-7273cc6ecbb8",
    "priority" : 0,
    "timeToLive" : {
      "unlimited" : true
    },
    "times" : {
      "unlimited" : true
    }
  }

 because:

  method matched
  path didn't match
 |  
2022-05-12 14:56:07.818  INFO 5981 --- [ver-EventLog164] org.mockserver.log.MockServerEventLog    : 8092 request:

  {
    "method" : "GET",
    "path" : "/secure/offenders/crn/A12345/convictions",
    "headers" : {
      "user-agent" : [ "ReactorNetty/1.0.18" ],
      "host" : [ "localhost:8092" ],
      "content-length" : [ "0" ],
      "accept-encoding" : [ "gzip" ],
      "accept" : [ "*/*" ],
      "Authorization" : [ "Bearer ABCDE" ]
    },
    "keepAlive" : true,
    "secure" : false,
    "remoteAddress" : "127.0.0.1"
  }

 didn't match expectation:

  {
    "httpRequest" : {
      "path" : "/secure/offenders/crn/A12345/all"
    },
    "httpResponse" : {
      "headers" : {
        "content-type" : [ "application/json" ]
      },
      "body" : "{\n  \"activeProbationManagedSentence\": true,\n  \"contactDetails\": {\n    \"addresses\": [\n      {\n        \"addressNumber\": 32,\n        \"buildingName\": \"HMPPS Digital Studio\",\n        \"county\": \"South Yorkshire\",\n        \"createdDatetime\": \"2021-06-11T13:00:00\",\n        \"district\": \"Sheffield City Centre\",\n        \"from\": \"2021-06-10\",\n        \"lastUpdatedDatetime\": \"2021-06-11T14:00:00\",\n        \"latestAssessmentDate\": \"2021-06-11T12:00:00\",\n        \"noFixedAbode\": true,\n        \"notes\": \"Some address notes\",\n        \"postcode\": \"S3 7BS\",\n        \"status\": {\n          \"code\": \"ABC123\",\n          \"description\": \"Main\"\n        },\n        \"streetName\": \"Scotland Street\",\n        \"telephoneNumber\": \"0123456789\",\n        \"to\": \"2021-07-10\",\n        \"town\": \"Sheffield\",\n        \"type\": {\n          \"code\": \"ABC123\",\n          \"description\": \"Some description\"\n        },\n        \"typeVerified\": true\n      },\n      {\n        \"addressNumber\": 33,\n        \"buildingName\": \"HMPPS Digital Studio\",\n        \"county\": \"South Yorkshire\",\n        \"createdDatetime\": \"2021-06-11T13:00:00\",\n        \"district\": \"Sheffield City Centre\",\n        \"from\": \"2020-06-10\",\n        \"lastUpdatedDatetime\": \"2021-06-11T14:00:00\",\n        \"latestAssessmentDate\": \"2021-06-11T12:00:00\",\n        \"noFixedAbode\": true,\n        \"notes\": \"Some address notes\",\n        \"postcode\": \"S3 7BS\",\n        \"status\": {\n          \"code\": \"ABC123\",\n          \"description\": \"Not Main\"\n        },\n        \"streetName\": \"Scotland Street\",\n        \"telephoneNumber\": \"0123456789\",\n        \"to\": \"2020-07-10\",\n        \"town\": \"Sheffield\",\n        \"type\": {\n          \"code\": \"ABC123\",\n          \"description\": \"Some description\"\n        },\n        \"typeVerified\": true\n      }\n    ],\n    \"allowSMS\": true,\n    \"emailAddresses\": [\n      \"string\"\n    ],\n    \"phoneNumbers\": [\n      {\n        \"number\": \"string\",\n        \"type\": \"MOBILE\"\n      }\n    ]\n  },\n  \"currentDisposal\": 1,\n  \"currentExclusion\": true,\n  \"currentRestriction\": true,\n  \"currentTier\": \"D2\",\n  \"dateOfBirth\": \"1982-10-24\",\n  \"exclusionMessage\": \"string\",\n  \"firstName\": \"John\",\n  \"gender\": \"Male\",\n  \"middleNames\": [\n    \"string\"\n  ],\n  \"offenderAliases\": [\n    {\n      \"dateOfBirth\": \"2022-04-26\",\n      \"firstName\": \"string\",\n      \"gender\": \"string\",\n      \"id\": \"string\",\n      \"middleNames\": [\n        \"string\"\n      ],\n      \"surname\": \"string\"\n    }\n  ],\n  \"offenderId\": 0,\n  \"offenderManagers\": [\n    {\n      \"active\": true,\n      \"allocationReason\": {\n        \"code\": \"ABC123\",\n        \"description\": \"Some description\"\n      },\n      \"fromDate\": \"2022-04-26\",\n      \"partitionArea\": \"string\",\n      \"probationArea\": {\n        \"code\": \"N01\",\n        \"description\": \"NPS North West\",\n        \"institution\": {\n          \"code\": \"string\",\n          \"description\": \"string\",\n          \"establishmentType\": {\n            \"code\": \"ABC123\",\n            \"description\": \"Some description\"\n          },\n          \"institutionId\": 0,\n          \"institutionName\": \"string\",\n          \"isEstablishment\": true,\n          \"isPrivate\": true,\n          \"nomsPrisonInstitutionCode\": \"string\"\n        },\n        \"nps\": true,\n        \"organisation\": {\n          \"code\": \"ABC123\",\n          \"description\": \"Some description\"\n        },\n        \"probationAreaId\": 0,\n        \"teams\": [\n          {\n            \"borough\": {\n              \"code\": \"ABC123\",\n              \"description\": \"Some description\"\n            },\n            \"code\": \"string\",\n            \"description\": \"string\",\n            \"district\": {\n              \"code\": \"ABC123\",\n              \"description\": \"Some description\"\n            },\n            \"externalProvider\": {\n              \"code\": \"ABC123\",\n              \"description\": \"Some description\"\n            },\n            \"isPrivate\": true,\n            \"localDeliveryUnit\": {\n              \"code\": \"ABC123\",\n              \"description\": \"Some description\"\n            },\n            \"name\": \"string\",\n            \"providerTeamId\": 0,\n            \"scProvider\": {\n              \"code\": \"ABC123\",\n              \"description\": \"Some description\"\n            },\n            \"teamId\": 0\n          }\n        ]\n      },\n      \"providerEmployee\": {\n        \"forenames\": \"Sheila Linda\",\n        \"surname\": \"Hancock\"\n      },\n      \"softDeleted\": true,\n      \"staff\": {\n        \"code\": \"AN001A\",\n        \"forenames\": \"Sheila Linda\",\n        \"surname\": \"Hancock\",\n        \"unallocated\": true\n      },\n      \"team\": {\n        \"borough\": {\n          \"code\": \"ABC123\",\n          \"description\": \"Some description\"\n        },\n        \"code\": \"C01T04\",\n        \"description\": \"OMU A\",\n        \"district\": {\n          \"code\": \"ABC123\",\n          \"description\": \"Some description\"\n        },\n        \"emailAddress\": \"first.last@digital.justice.gov.uk\",\n        \"endDate\": \"2022-04-26\",\n        \"localDeliveryUnit\": {\n          \"code\": \"ABC123\",\n          \"description\": \"Some description\"\n        },\n        \"startDate\": \"2022-04-26\",\n        \"teamType\": {\n          \"code\": \"ABC123\",\n          \"description\": \"Some description\"\n        },\n        \"telephone\": \"09056714321\"\n      },\n      \"toDate\": \"2022-04-26\",\n      \"trustOfficer\": {\n        \"forenames\": \"Sheila Linda\",\n        \"surname\": \"Hancock\"\n      }\n    },\n    {\n      \"active\": false,\n      \"allocationReason\": {\n        \"code\": \"ABC123\",\n        \"description\": \"Some description\"\n      },\n      \"fromDate\": \"2022-04-26\",\n      \"partitionArea\": \"string\",\n      \"probationArea\": {\n        \"code\": \"N01\",\n        \"description\": \"NPS North West\",\n        \"institution\": {\n          \"code\": \"string\",\n          \"description\": \"string\",\n          \"establishmentType\": {\n            \"code\": \"ABC123\",\n            \"description\": \"Some description\"\n          },\n          \"institutionId\": 0,\n          \"institutionName\": \"string\",\n          \"isEstablishment\": true,\n          \"isPrivate\": true,\n          \"nomsPrisonInstitutionCode\": \"string\"\n        },\n        \"nps\": true,\n        \"organisation\": {\n          \"code\": \"ABC123\",\n          \"description\": \"Some description\"\n        },\n        \"probationAreaId\": 0,\n        \"teams\": [\n          {\n            \"borough\": {\n              \"code\": \"ABC123\",\n              \"description\": \"Some description\"\n            },\n            \"code\": \"string\",\n            \"description\": \"string\",\n            \"district\": {\n              \"code\": \"ABC123\",\n              \"description\": \"Some description\"\n            },\n            \"externalProvider\": {\n              \"code\": \"ABC123\",\n              \"description\": \"Some description\"\n            },\n            \"isPrivate\": true,\n            \"localDeliveryUnit\": {\n              \"code\": \"ABC123\",\n              \"description\": \"Some description\"\n            },\n            \"name\": \"string\",\n            \"providerTeamId\": 0,\n            \"scProvider\": {\n              \"code\": \"ABC123\",\n              \"description\": \"Some description\"\n            },\n            \"teamId\": 0\n          }\n        ]\n      },\n      \"providerEmployee\": {\n        \"forenames\": \"Sheila Linda\",\n        \"surname\": \"Hancock\"\n      },\n      \"softDeleted\": true,\n      \"staff\": {\n        \"code\": \"AN001A\",\n        \"forenames\": \"Sheila Linda\",\n        \"surname\": \"Hancock\",\n        \"unallocated\": true\n      },\n      \"team\": {\n        \"borough\": {\n          \"code\": \"ABC123\",\n          \"description\": \"Some description\"\n        },\n        \"code\": \"C01T04\",\n        \"description\": \"OMU A\",\n        \"district\": {\n          \"code\": \"ABC123\",\n          \"description\": \"Some description\"\n        },\n        \"emailAddress\": \"dua.lipa@digital.justice.gov.uk\",\n        \"endDate\": \"2022-04-26\",\n        \"localDeliveryUnit\": {\n          \"code\": \"ABC123\",\n          \"description\": \"Some description\"\n        },\n        \"startDate\": \"2022-04-26\",\n        \"teamType\": {\n          \"code\": \"ABC123\",\n          \"description\": \"Some description\"\n        },\n        \"telephone\": \"123\"\n      },\n      \"toDate\": \"2022-04-26\",\n      \"trustOfficer\": {\n        \"forenames\": \"Dua\",\n        \"surname\": \"Lipa\"\n      }\n    }\n  ],\n  \"offenderProfile\": {\n    \"disabilities\": [\n      {\n        \"disabilityId\": 0,\n        \"disabilityType\": {\n          \"code\": \"ABC123\",\n          \"description\": \"Some description\"\n        },\n        \"endDate\": \"2022-04-26\",\n        \"isActive\": true,\n        \"lastUpdatedDateTime\": \"2020-09-20T11:00:00+01:00\",\n        \"notes\": \"string\",\n        \"provisions\": [\n          {\n            \"finishDate\": \"2022-04-26\",\n            \"notes\": \"string\",\n            \"provisionId\": 0,\n            \"provisionType\": {\n              \"code\": \"ABC123\",\n              \"description\": \"Some description\"\n            },\n            \"startDate\": \"2022-04-26\"\n          }\n        ],\n        \"startDate\": \"2022-04-26\"\n      }\n    ],\n    \"ethnicity\": \"string\",\n    \"genderIdentity\": \"Prefer to self-describe\",\n    \"immigrationStatus\": \"string\",\n    \"nationality\": \"string\",\n    \"notes\": \"string\",\n    \"offenderDetails\": \"string\",\n    \"offenderLanguages\": {\n      \"languageConcerns\": \"string\",\n      \"otherLanguages\": [\n        \"string\"\n      ],\n      \"primaryLanguage\": \"string\",\n      \"requiresInterpreter\": true\n    },\n    \"previousConviction\": {\n      \"convictionDate\": \"2022-04-26\",\n      \"detail\": {\n        \"additionalProp1\": \"string\",\n        \"additionalProp2\": \"string\",\n        \"additionalProp3\": \"string\"\n      }\n    },\n    \"religion\": \"string\",\n    \"remandStatus\": \"string\",\n    \"riskColour\": \"string\",\n    \"secondaryNationality\": \"string\",\n    \"selfDescribedGender\": \"Jedi\",\n    \"sexualOrientation\": \"string\"\n  },\n  \"otherIds\": {\n    \"crn\": \"12345C\",\n    \"croNumber\": \"123456/04A\",\n    \"immigrationNumber\": \"A1234567\",\n    \"mostRecentPrisonerNumber\": \"G12345\",\n    \"niNumber\": \"AA112233B\",\n    \"nomsNumber\": \"A1234CR\",\n    \"pncNumber\": \"2004/0712343H\"\n  },\n  \"partitionArea\": \"National Data\",\n  \"preferredName\": \"Bob\",\n  \"previousSurname\": \"Davis\",\n  \"restrictionMessage\": \"string\",\n  \"softDeleted\": true,\n  \"surname\": \"Smith\",\n  \"title\": \"Mr\"\n}"
    },
    "id" : "3d5d7922-869d-46c7-b0ee-90d36e34190a",
    "priority" : 0,
    "timeToLive" : {
      "unlimited" : true
    },
    "times" : {
      "remainingTimes" : 1
    }
  }

 because:

  method matched
  path didn't match
 |  
2022-05-12 14:56:07.821  INFO 5981 --- [ver-EventLog164] org.mockserver.log.MockServerEventLog    : 8092 request:

  {
    "method" : "GET",
    "path" : "/secure/offenders/crn/A12345/convictions",
    "headers" : {
      "user-agent" : [ "ReactorNetty/1.0.18" ],
      "host" : [ "localhost:8092" ],
      "content-length" : [ "0" ],
      "accept-encoding" : [ "gzip" ],
      "accept" : [ "*/*" ],
      "Authorization" : [ "Bearer ABCDE" ]
    },
    "keepAlive" : true,
    "secure" : false,
    "remoteAddress" : "127.0.0.1"
  }

 matched expectation:

  {
    "httpRequest" : {
      "path" : "/secure/offenders/crn/A12345/convictions"
    },
    "httpResponse" : {
      "headers" : {
        "content-type" : [ "application/json" ]
      },
      "body" : "[\n  {\n    \"active\": true,\n    \"awaitingPsr\": true,\n    \"breachEnd\": \"2021-05-13\",\n    \"convictionDate\": \"2021-06-10\",\n    \"convictionId\": 2500000001,\n    \"courtAppearance\": {\n      \"appearanceDate\": \"2019-09-04T00:00:00\",\n      \"appearanceType\": {\n        \"code\": \"ABC123\",\n        \"description\": \"Some description\"\n      },\n      \"courtAppearanceId\": 2500000001,\n      \"courtCode\": \"SHEFMC\",\n      \"courtName\": \"Sheffield Magistrates Court\",\n      \"crn\": \"A12345\"\n    },\n    \"custody\": {\n      \"bookingNumber\": \"V74111\",\n      \"institution\": {\n        \"code\": \"string\",\n        \"description\": \"string\",\n        \"establishmentType\": {\n          \"code\": \"ABC123\",\n          \"description\": \"Some description\"\n        },\n        \"institutionId\": 0,\n        \"institutionName\": \"string\",\n        \"isEstablishment\": true,\n        \"isPrivate\": true,\n        \"nomsPrisonInstitutionCode\": \"string\"\n      },\n      \"keyDates\": {\n        \"conditionalReleaseDate\": \"2020-06-23\",\n        \"expectedPrisonOffenderManagerHandoverDate\": \"2020-06-23\",\n        \"expectedPrisonOffenderManagerHandoverStartDate\": \"2020-06-23\",\n        \"expectedReleaseDate\": \"2020-06-23\",\n        \"hdcEligibilityDate\": \"2020-06-23\",\n        \"licenceExpiryDate\": \"2020-06-23\",\n        \"paroleEligibilityDate\": \"2020-06-23\",\n        \"postSentenceSupervisionEndDate\": \"2020-06-23\",\n        \"sentenceExpiryDate\": \"2020-06-23\"\n      },\n      \"sentenceStartDate\": \"2022-04-26\",\n      \"status\": {\n        \"code\": \"ABC123\",\n        \"description\": \"Some description\"\n      }\n    },\n    \"failureToComplyCount\": 3,\n    \"inBreach\": true,\n    \"index\": 1,\n    \"latestCourtAppearanceOutcome\": {\n      \"code\": \"ABC123\",\n      \"description\": \"Some description\"\n    },\n    \"offences\": [\n      {\n        \"createdDatetime\": \"2022-04-26T20:39:47.778Z\",\n        \"detail\": {\n          \"abbreviation\": \"string\",\n          \"cjitCode\": \"string\",\n          \"code\": \"string\",\n          \"description\": \"Robbery (other than armed robbery)\",\n          \"form20Code\": \"string\",\n          \"mainCategoryAbbreviation\": \"string\",\n          \"mainCategoryCode\": \"string\",\n          \"mainCategoryDescription\": \"string\",\n          \"ogrsOffenceCategory\": \"string\",\n          \"subCategoryAbbreviation\": \"string\",\n          \"subCategoryCode\": \"string\",\n          \"subCategoryDescription\": \"string\"\n        },\n        \"lastUpdatedDatetime\": \"2022-04-26T20:39:47.778Z\",\n        \"mainOffence\": true,\n        \"offenceCount\": 0,\n        \"offenceDate\": \"2022-04-26T20:39:47.778Z\",\n        \"offenceId\": \"string\",\n        \"offenderId\": 0,\n        \"tics\": 0,\n        \"verdict\": \"string\"\n      }\n    ],\n    \"orderManagers\": [\n      {\n        \"dateEndOfAllocation\": \"2022-04-26T20:39:47.778Z\",\n        \"dateStartOfAllocation\": \"2022-04-26T20:39:47.778Z\",\n        \"gradeCode\": \"string\",\n        \"name\": \"string\",\n        \"officerId\": 0,\n        \"probationAreaId\": 0,\n        \"staffCode\": \"STFFCDEU\",\n        \"teamId\": 0\n      }\n    ],\n    \"referralDate\": \"2021-06-10\",\n    \"responsibleCourt\": {\n      \"buildingName\": \"Sheffield Magistrates Court\",\n      \"code\": \"SHEFMC\",\n      \"country\": \"England\",\n      \"county\": \"South Yorkshire\",\n      \"courtId\": 2500000001,\n      \"courtName\": \"Sheffield Magistrates Court\",\n      \"courtType\": {\n        \"code\": \"ABC123\",\n        \"description\": \"Some description\"\n      },\n      \"courtTypeId\": 310,\n      \"createdDatetime\": \"2014-05-29T21:50:16\",\n      \"fax\": \"0114 2756 373\",\n      \"lastUpdatedDatetime\": \"2014-05-29T21:50:16\",\n      \"locality\": \"Sheffield City Centre\",\n      \"postcode\": \"S3 8LU\",\n      \"probationArea\": {\n        \"code\": \"ABC123\",\n        \"description\": \"Some description\"\n      },\n      \"probationAreaId\": 1500001001,\n      \"secureEmailAddress\": \"example@example.com\",\n      \"selectable\": true,\n      \"street\": \"Castle Street\",\n      \"telephoneNumber\": \"0300 047 0777\",\n      \"town\": \"Sheffield\"\n    },\n    \"sentence\": {\n      \"additionalSentences\": [\n        {\n          \"additionalSentenceId\": 2500000001,\n          \"amount\": 100,\n          \"length\": 14,\n          \"notes\": \"Some additional sentence notes\",\n          \"type\": {\n            \"code\": \"ABC123\",\n            \"description\": \"Some description\"\n          }\n        }\n      ],\n      \"cja2003Order\": true,\n      \"defaultLength\": 0,\n      \"description\": \"string\",\n      \"effectiveLength\": 0,\n      \"expectedSentenceEndDate\": \"2022-04-26\",\n      \"failureToComplyLimit\": 0,\n      \"legacyOrder\": true,\n      \"lengthInDays\": 0,\n      \"originalLength\": 0,\n      \"originalLengthUnits\": \"string\",\n      \"secondLength\": 0,\n      \"secondLengthUnits\": \"string\",\n      \"sentenceId\": 0,\n      \"sentenceType\": {\n        \"code\": \"ABC123\",\n        \"description\": \"Some description\"\n      },\n      \"startDate\": \"2022-04-26\",\n      \"terminationDate\": \"2022-04-26\",\n      \"terminationReason\": \"string\",\n      \"unpaidWork\": {\n        \"appointments\": {\n          \"acceptableAbsences\": 0,\n          \"attended\": 0,\n          \"noOutcomeRecorded\": 0,\n          \"total\": 0,\n          \"unacceptableAbsences\": 0\n        },\n        \"minutesCompleted\": 0,\n        \"minutesOrdered\": 0,\n        \"status\": \"string\"\n      }\n    }\n  },\n   {\n    \"active\": false,\n    \"awaitingPsr\": true,\n    \"breachEnd\": \"2019-05-13\",\n    \"convictionDate\": \"2020-06-10\",\n    \"convictionId\": 2500000002,\n    \"courtAppearance\": {\n      \"appearanceDate\": \"2017-09-04T00:00:00\",\n      \"appearanceType\": {\n        \"code\": \"ABC124\",\n        \"description\": \"Some description\"\n      },\n      \"courtAppearanceId\": 2500000009,\n      \"courtCode\": \"SHEFMC\",\n      \"courtName\": \"Sheffield Magistrates Court\",\n      \"crn\": \"A12345\"\n    },\n    \"custody\": {\n      \"bookingNumber\": \"V74113\",\n      \"institution\": {\n        \"code\": \"string\",\n        \"description\": \"string\",\n        \"establishmentType\": {\n          \"code\": \"ABC125\",\n          \"description\": \"Some description\"\n        },\n        \"institutionId\": 0,\n        \"institutionName\": \"string\",\n        \"isEstablishment\": true,\n        \"isPrivate\": true,\n        \"nomsPrisonInstitutionCode\": \"string\"\n      },\n      \"keyDates\": {\n        \"conditionalReleaseDate\": \"2019-06-23\",\n        \"expectedPrisonOffenderManagerHandoverDate\": \"2019-06-23\",\n        \"expectedPrisonOffenderManagerHandoverStartDate\": \"2019-06-23\",\n        \"expectedReleaseDate\": \"2019-06-23\",\n        \"hdcEligibilityDate\": \"2019-06-23\",\n        \"licenceExpiryDate\": \"2019-06-23\",\n        \"paroleEligibilityDate\": \"2019-06-23\",\n        \"postSentenceSupervisionEndDate\": \"2019-06-23\",\n        \"sentenceExpiryDate\": \"2019-06-23\"\n      },\n      \"sentenceStartDate\": \"2020-04-26\",\n      \"status\": {\n        \"code\": \"ABC124\",\n        \"description\": \"Some description\"\n      }\n    },\n    \"failureToComplyCount\": 99,\n    \"inBreach\": true,\n    \"index\": 1,\n    \"latestCourtAppearanceOutcome\": {\n      \"code\": \"ABC124\",\n      \"description\": \"Some description\"\n    },\n    \"offences\": [\n      {\n        \"createdDatetime\": \"2020-04-26T20:39:47.778Z\",\n        \"detail\": {\n          \"abbreviation\": \"string\",\n          \"cjitCode\": \"string\",\n          \"code\": \"string\",\n          \"description\": \"string\",\n          \"form20Code\": \"string\",\n          \"mainCategoryAbbreviation\": \"string\",\n          \"mainCategoryCode\": \"string\",\n          \"mainCategoryDescription\": \"string\",\n          \"ogrsOffenceCategory\": \"string\",\n          \"subCategoryAbbreviation\": \"string\",\n          \"subCategoryCode\": \"string\",\n          \"subCategoryDescription\": \"string\"\n        },\n        \"lastUpdatedDatetime\": \"2020-04-26T20:39:47.778Z\",\n        \"mainOffence\": true,\n        \"offenceCount\": 0,\n        \"offenceDate\": \"2020-04-26T20:39:47.778Z\",\n        \"offenceId\": \"string\",\n        \"offenderId\": 0,\n        \"tics\": 0,\n        \"verdict\": \"string\"\n      }\n    ],\n    \"orderManagers\": [\n      {\n        \"dateEndOfAllocation\": \"2020-04-26T20:39:47.778Z\",\n        \"dateStartOfAllocation\": \"2020-04-26T20:39:47.778Z\",\n        \"gradeCode\": \"string\",\n        \"name\": \"string\",\n        \"officerId\": 0,\n        \"probationAreaId\": 0,\n        \"staffCode\": \"STFFCDEU\",\n        \"teamId\": 0\n      }\n    ],\n    \"referralDate\": \"2019-06-10\",\n    \"responsibleCourt\": {\n      \"buildingName\": \"Sheffield Magistrates Court\",\n      \"code\": \"SHEFMC\",\n      \"country\": \"England\",\n      \"county\": \"South Yorkshire\",\n      \"courtId\": 2500000001,\n      \"courtName\": \"Sheffield Magistrates Court\",\n      \"courtType\": {\n        \"code\": \"ABC126\",\n        \"description\": \"Some description\"\n      },\n      \"courtTypeId\": 310,\n      \"createdDatetime\": \"2014-05-29T21:50:16\",\n      \"fax\": \"0114 2756 373\",\n      \"lastUpdatedDatetime\": \"2014-05-29T21:50:16\",\n      \"locality\": \"Sheffield City Centre\",\n      \"postcode\": \"S3 8LU\",\n      \"probationArea\": {\n        \"code\": \"ABC123\",\n        \"description\": \"Some description\"\n      },\n      \"probationAreaId\": 1500001001,\n      \"secureEmailAddress\": \"example@example.com\",\n      \"selectable\": true,\n      \"street\": \"Castle Street\",\n      \"telephoneNumber\": \"0300 047 0777\",\n      \"town\": \"Sheffield\"\n    },\n    \"sentence\": {\n      \"additionalSentences\": [\n        {\n          \"additionalSentenceId\": 2500000001,\n          \"amount\": 100,\n          \"length\": 14,\n          \"notes\": \"Some additional sentence notes\",\n          \"type\": {\n            \"code\": \"ABC123\",\n            \"description\": \"Some description\"\n          }\n        }\n      ],\n      \"cja2003Order\": true,\n      \"defaultLength\": 0,\n      \"description\": \"string\",\n      \"effectiveLength\": 0,\n      \"expectedSentenceEndDate\": \"2022-04-26\",\n      \"failureToComplyLimit\": 0,\n      \"legacyOrder\": true,\n      \"lengthInDays\": 0,\n      \"originalLength\": 0,\n      \"originalLengthUnits\": \"string\",\n      \"secondLength\": 0,\n      \"secondLengthUnits\": \"string\",\n      \"sentenceId\": 0,\n      \"sentenceType\": {\n        \"code\": \"ABC123\",\n        \"description\": \"Some description\"\n      },\n      \"startDate\": \"2022-04-26\",\n      \"terminationDate\": \"2022-04-26\",\n      \"terminationReason\": \"string\",\n      \"unpaidWork\": {\n        \"appointments\": {\n          \"acceptableAbsences\": 0,\n          \"attended\": 0,\n          \"noOutcomeRecorded\": 0,\n          \"total\": 0,\n          \"unacceptableAbsences\": 0\n        },\n        \"minutesCompleted\": 0,\n        \"minutesOrdered\": 0,\n        \"status\": \"string\"\n      }\n    }\n  }\n]"
    },
    "id" : "0a0b0dc2-6a7c-4188-a5eb-805a83c41581",
    "priority" : 0,
    "timeToLive" : {
      "unlimited" : true
    },
    "times" : {
      "remainingTimes" : 1
    }
  }
 |  
2022-05-12 14:56:07.830  INFO 5981 --- [ver-EventLog164] org.mockserver.log.MockServerEventLog    : 8092 returning response:

  {
    "headers" : {
      "content-type" : [ "application/json" ]
    },
    "body" : "[\n  {\n    \"active\": true,\n    \"awaitingPsr\": true,\n    \"breachEnd\": \"2021-05-13\",\n    \"convictionDate\": \"2021-06-10\",\n    \"convictionId\": 2500000001,\n    \"courtAppearance\": {\n      \"appearanceDate\": \"2019-09-04T00:00:00\",\n      \"appearanceType\": {\n        \"code\": \"ABC123\",\n        \"description\": \"Some description\"\n      },\n      \"courtAppearanceId\": 2500000001,\n      \"courtCode\": \"SHEFMC\",\n      \"courtName\": \"Sheffield Magistrates Court\",\n      \"crn\": \"A12345\"\n    },\n    \"custody\": {\n      \"bookingNumber\": \"V74111\",\n      \"institution\": {\n        \"code\": \"string\",\n        \"description\": \"string\",\n        \"establishmentType\": {\n          \"code\": \"ABC123\",\n          \"description\": \"Some description\"\n        },\n        \"institutionId\": 0,\n        \"institutionName\": \"string\",\n        \"isEstablishment\": true,\n        \"isPrivate\": true,\n        \"nomsPrisonInstitutionCode\": \"string\"\n      },\n      \"keyDates\": {\n        \"conditionalReleaseDate\": \"2020-06-23\",\n        \"expectedPrisonOffenderManagerHandoverDate\": \"2020-06-23\",\n        \"expectedPrisonOffenderManagerHandoverStartDate\": \"2020-06-23\",\n        \"expectedReleaseDate\": \"2020-06-23\",\n        \"hdcEligibilityDate\": \"2020-06-23\",\n        \"licenceExpiryDate\": \"2020-06-23\",\n        \"paroleEligibilityDate\": \"2020-06-23\",\n        \"postSentenceSupervisionEndDate\": \"2020-06-23\",\n        \"sentenceExpiryDate\": \"2020-06-23\"\n      },\n      \"sentenceStartDate\": \"2022-04-26\",\n      \"status\": {\n        \"code\": \"ABC123\",\n        \"description\": \"Some description\"\n      }\n    },\n    \"failureToComplyCount\": 3,\n    \"inBreach\": true,\n    \"index\": 1,\n    \"latestCourtAppearanceOutcome\": {\n      \"code\": \"ABC123\",\n      \"description\": \"Some description\"\n    },\n    \"offences\": [\n      {\n        \"createdDatetime\": \"2022-04-26T20:39:47.778Z\",\n        \"detail\": {\n          \"abbreviation\": \"string\",\n          \"cjitCode\": \"string\",\n          \"code\": \"string\",\n          \"description\": \"Robbery (other than armed robbery)\",\n          \"form20Code\": \"string\",\n          \"mainCategoryAbbreviation\": \"string\",\n          \"mainCategoryCode\": \"string\",\n          \"mainCategoryDescription\": \"string\",\n          \"ogrsOffenceCategory\": \"string\",\n          \"subCategoryAbbreviation\": \"string\",\n          \"subCategoryCode\": \"string\",\n          \"subCategoryDescription\": \"string\"\n        },\n        \"lastUpdatedDatetime\": \"2022-04-26T20:39:47.778Z\",\n        \"mainOffence\": true,\n        \"offenceCount\": 0,\n        \"offenceDate\": \"2022-04-26T20:39:47.778Z\",\n        \"offenceId\": \"string\",\n        \"offenderId\": 0,\n        \"tics\": 0,\n        \"verdict\": \"string\"\n      }\n    ],\n    \"orderManagers\": [\n      {\n        \"dateEndOfAllocation\": \"2022-04-26T20:39:47.778Z\",\n        \"dateStartOfAllocation\": \"2022-04-26T20:39:47.778Z\",\n        \"gradeCode\": \"string\",\n        \"name\": \"string\",\n        \"officerId\": 0,\n        \"probationAreaId\": 0,\n        \"staffCode\": \"STFFCDEU\",\n        \"teamId\": 0\n      }\n    ],\n    \"referralDate\": \"2021-06-10\",\n    \"responsibleCourt\": {\n      \"buildingName\": \"Sheffield Magistrates Court\",\n      \"code\": \"SHEFMC\",\n      \"country\": \"England\",\n      \"county\": \"South Yorkshire\",\n      \"courtId\": 2500000001,\n      \"courtName\": \"Sheffield Magistrates Court\",\n      \"courtType\": {\n        \"code\": \"ABC123\",\n        \"description\": \"Some description\"\n      },\n      \"courtTypeId\": 310,\n      \"createdDatetime\": \"2014-05-29T21:50:16\",\n      \"fax\": \"0114 2756 373\",\n      \"lastUpdatedDatetime\": \"2014-05-29T21:50:16\",\n      \"locality\": \"Sheffield City Centre\",\n      \"postcode\": \"S3 8LU\",\n      \"probationArea\": {\n        \"code\": \"ABC123\",\n        \"description\": \"Some description\"\n      },\n      \"probationAreaId\": 1500001001,\n      \"secureEmailAddress\": \"example@example.com\",\n      \"selectable\": true,\n      \"street\": \"Castle Street\",\n      \"telephoneNumber\": \"0300 047 0777\",\n      \"town\": \"Sheffield\"\n    },\n    \"sentence\": {\n      \"additionalSentences\": [\n        {\n          \"additionalSentenceId\": 2500000001,\n          \"amount\": 100,\n          \"length\": 14,\n          \"notes\": \"Some additional sentence notes\",\n          \"type\": {\n            \"code\": \"ABC123\",\n            \"description\": \"Some description\"\n          }\n        }\n      ],\n      \"cja2003Order\": true,\n      \"defaultLength\": 0,\n      \"description\": \"string\",\n      \"effectiveLength\": 0,\n      \"expectedSentenceEndDate\": \"2022-04-26\",\n      \"failureToComplyLimit\": 0,\n      \"legacyOrder\": true,\n      \"lengthInDays\": 0,\n      \"originalLength\": 0,\n      \"originalLengthUnits\": \"string\",\n      \"secondLength\": 0,\n      \"secondLengthUnits\": \"string\",\n      \"sentenceId\": 0,\n      \"sentenceType\": {\n        \"code\": \"ABC123\",\n        \"description\": \"Some description\"\n      },\n      \"startDate\": \"2022-04-26\",\n      \"terminationDate\": \"2022-04-26\",\n      \"terminationReason\": \"string\",\n      \"unpaidWork\": {\n        \"appointments\": {\n          \"acceptableAbsences\": 0,\n          \"attended\": 0,\n          \"noOutcomeRecorded\": 0,\n          \"total\": 0,\n          \"unacceptableAbsences\": 0\n        },\n        \"minutesCompleted\": 0,\n        \"minutesOrdered\": 0,\n        \"status\": \"string\"\n      }\n    }\n  },\n   {\n    \"active\": false,\n    \"awaitingPsr\": true,\n    \"breachEnd\": \"2019-05-13\",\n    \"convictionDate\": \"2020-06-10\",\n    \"convictionId\": 2500000002,\n    \"courtAppearance\": {\n      \"appearanceDate\": \"2017-09-04T00:00:00\",\n      \"appearanceType\": {\n        \"code\": \"ABC124\",\n        \"description\": \"Some description\"\n      },\n      \"courtAppearanceId\": 2500000009,\n      \"courtCode\": \"SHEFMC\",\n      \"courtName\": \"Sheffield Magistrates Court\",\n      \"crn\": \"A12345\"\n    },\n    \"custody\": {\n      \"bookingNumber\": \"V74113\",\n      \"institution\": {\n        \"code\": \"string\",\n        \"description\": \"string\",\n        \"establishmentType\": {\n          \"code\": \"ABC125\",\n          \"description\": \"Some description\"\n        },\n        \"institutionId\": 0,\n        \"institutionName\": \"string\",\n        \"isEstablishment\": true,\n        \"isPrivate\": true,\n        \"nomsPrisonInstitutionCode\": \"string\"\n      },\n      \"keyDates\": {\n        \"conditionalReleaseDate\": \"2019-06-23\",\n        \"expectedPrisonOffenderManagerHandoverDate\": \"2019-06-23\",\n        \"expectedPrisonOffenderManagerHandoverStartDate\": \"2019-06-23\",\n        \"expectedReleaseDate\": \"2019-06-23\",\n        \"hdcEligibilityDate\": \"2019-06-23\",\n        \"licenceExpiryDate\": \"2019-06-23\",\n        \"paroleEligibilityDate\": \"2019-06-23\",\n        \"postSentenceSupervisionEndDate\": \"2019-06-23\",\n        \"sentenceExpiryDate\": \"2019-06-23\"\n      },\n      \"sentenceStartDate\": \"2020-04-26\",\n      \"status\": {\n        \"code\": \"ABC124\",\n        \"description\": \"Some description\"\n      }\n    },\n    \"failureToComplyCount\": 99,\n    \"inBreach\": true,\n    \"index\": 1,\n    \"latestCourtAppearanceOutcome\": {\n      \"code\": \"ABC124\",\n      \"description\": \"Some description\"\n    },\n    \"offences\": [\n      {\n        \"createdDatetime\": \"2020-04-26T20:39:47.778Z\",\n        \"detail\": {\n          \"abbreviation\": \"string\",\n          \"cjitCode\": \"string\",\n          \"code\": \"string\",\n          \"description\": \"string\",\n          \"form20Code\": \"string\",\n          \"mainCategoryAbbreviation\": \"string\",\n          \"mainCategoryCode\": \"string\",\n          \"mainCategoryDescription\": \"string\",\n          \"ogrsOffenceCategory\": \"string\",\n          \"subCategoryAbbreviation\": \"string\",\n          \"subCategoryCode\": \"string\",\n          \"subCategoryDescription\": \"string\"\n        },\n        \"lastUpdatedDatetime\": \"2020-04-26T20:39:47.778Z\",\n        \"mainOffence\": true,\n        \"offenceCount\": 0,\n        \"offenceDate\": \"2020-04-26T20:39:47.778Z\",\n        \"offenceId\": \"string\",\n        \"offenderId\": 0,\n        \"tics\": 0,\n        \"verdict\": \"string\"\n      }\n    ],\n    \"orderManagers\": [\n      {\n        \"dateEndOfAllocation\": \"2020-04-26T20:39:47.778Z\",\n        \"dateStartOfAllocation\": \"2020-04-26T20:39:47.778Z\",\n        \"gradeCode\": \"string\",\n        \"name\": \"string\",\n        \"officerId\": 0,\n        \"probationAreaId\": 0,\n        \"staffCode\": \"STFFCDEU\",\n        \"teamId\": 0\n      }\n    ],\n    \"referralDate\": \"2019-06-10\",\n    \"responsibleCourt\": {\n      \"buildingName\": \"Sheffield Magistrates Court\",\n      \"code\": \"SHEFMC\",\n      \"country\": \"England\",\n      \"county\": \"South Yorkshire\",\n      \"courtId\": 2500000001,\n      \"courtName\": \"Sheffield Magistrates Court\",\n      \"courtType\": {\n        \"code\": \"ABC126\",\n        \"description\": \"Some description\"\n      },\n      \"courtTypeId\": 310,\n      \"createdDatetime\": \"2014-05-29T21:50:16\",\n      \"fax\": \"0114 2756 373\",\n      \"lastUpdatedDatetime\": \"2014-05-29T21:50:16\",\n      \"locality\": \"Sheffield City Centre\",\n      \"postcode\": \"S3 8LU\",\n      \"probationArea\": {\n        \"code\": \"ABC123\",\n        \"description\": \"Some description\"\n      },\n      \"probationAreaId\": 1500001001,\n      \"secureEmailAddress\": \"example@example.com\",\n      \"selectable\": true,\n      \"street\": \"Castle Street\",\n      \"telephoneNumber\": \"0300 047 0777\",\n      \"town\": \"Sheffield\"\n    },\n    \"sentence\": {\n      \"additionalSentences\": [\n        {\n          \"additionalSentenceId\": 2500000001,\n          \"amount\": 100,\n          \"length\": 14,\n          \"notes\": \"Some additional sentence notes\",\n          \"type\": {\n            \"code\": \"ABC123\",\n            \"description\": \"Some description\"\n          }\n        }\n      ],\n      \"cja2003Order\": true,\n      \"defaultLength\": 0,\n      \"description\": \"string\",\n      \"effectiveLength\": 0,\n      \"expectedSentenceEndDate\": \"2022-04-26\",\n      \"failureToComplyLimit\": 0,\n      \"legacyOrder\": true,\n      \"lengthInDays\": 0,\n      \"originalLength\": 0,\n      \"originalLengthUnits\": \"string\",\n      \"secondLength\": 0,\n      \"secondLengthUnits\": \"string\",\n      \"sentenceId\": 0,\n      \"sentenceType\": {\n        \"code\": \"ABC123\",\n        \"description\": \"Some description\"\n      },\n      \"startDate\": \"2022-04-26\",\n      \"terminationDate\": \"2022-04-26\",\n      \"terminationReason\": \"string\",\n      \"unpaidWork\": {\n        \"appointments\": {\n          \"acceptableAbsences\": 0,\n          \"attended\": 0,\n          \"noOutcomeRecorded\": 0,\n          \"total\": 0,\n          \"unacceptableAbsences\": 0\n        },\n        \"minutesCompleted\": 0,\n        \"minutesOrdered\": 0,\n        \"status\": \"string\"\n      }\n    }\n  }\n]"
  }

 for request:

  {
    "method" : "GET",
    "path" : "/secure/offenders/crn/A12345/convictions",
    "headers" : {
      "user-agent" : [ "ReactorNetty/1.0.18" ],
      "host" : [ "localhost:8092" ],
      "content-length" : [ "0" ],
      "accept-encoding" : [ "gzip" ],
      "accept" : [ "*/*" ],
      "Authorization" : [ "Bearer ABCDE" ]
    },
    "keepAlive" : true,
    "secure" : false,
    "remoteAddress" : "127.0.0.1"
  }

 for action:

  {
    "headers" : {
      "content-type" : [ "application/json" ]
    },
    "body" : "[\n  {\n    \"active\": true,\n    \"awaitingPsr\": true,\n    \"breachEnd\": \"2021-05-13\",\n    \"convictionDate\": \"2021-06-10\",\n    \"convictionId\": 2500000001,\n    \"courtAppearance\": {\n      \"appearanceDate\": \"2019-09-04T00:00:00\",\n      \"appearanceType\": {\n        \"code\": \"ABC123\",\n        \"description\": \"Some description\"\n      },\n      \"courtAppearanceId\": 2500000001,\n      \"courtCode\": \"SHEFMC\",\n      \"courtName\": \"Sheffield Magistrates Court\",\n      \"crn\": \"A12345\"\n    },\n    \"custody\": {\n      \"bookingNumber\": \"V74111\",\n      \"institution\": {\n        \"code\": \"string\",\n        \"description\": \"string\",\n        \"establishmentType\": {\n          \"code\": \"ABC123\",\n          \"description\": \"Some description\"\n        },\n        \"institutionId\": 0,\n        \"institutionName\": \"string\",\n        \"isEstablishment\": true,\n        \"isPrivate\": true,\n        \"nomsPrisonInstitutionCode\": \"string\"\n      },\n      \"keyDates\": {\n        \"conditionalReleaseDate\": \"2020-06-23\",\n        \"expectedPrisonOffenderManagerHandoverDate\": \"2020-06-23\",\n        \"expectedPrisonOffenderManagerHandoverStartDate\": \"2020-06-23\",\n        \"expectedReleaseDate\": \"2020-06-23\",\n        \"hdcEligibilityDate\": \"2020-06-23\",\n        \"licenceExpiryDate\": \"2020-06-23\",\n        \"paroleEligibilityDate\": \"2020-06-23\",\n        \"postSentenceSupervisionEndDate\": \"2020-06-23\",\n        \"sentenceExpiryDate\": \"2020-06-23\"\n      },\n      \"sentenceStartDate\": \"2022-04-26\",\n      \"status\": {\n        \"code\": \"ABC123\",\n        \"description\": \"Some description\"\n      }\n    },\n    \"failureToComplyCount\": 3,\n    \"inBreach\": true,\n    \"index\": 1,\n    \"latestCourtAppearanceOutcome\": {\n      \"code\": \"ABC123\",\n      \"description\": \"Some description\"\n    },\n    \"offences\": [\n      {\n        \"createdDatetime\": \"2022-04-26T20:39:47.778Z\",\n        \"detail\": {\n          \"abbreviation\": \"string\",\n          \"cjitCode\": \"string\",\n          \"code\": \"string\",\n          \"description\": \"Robbery (other than armed robbery)\",\n          \"form20Code\": \"string\",\n          \"mainCategoryAbbreviation\": \"string\",\n          \"mainCategoryCode\": \"string\",\n          \"mainCategoryDescription\": \"string\",\n          \"ogrsOffenceCategory\": \"string\",\n          \"subCategoryAbbreviation\": \"string\",\n          \"subCategoryCode\": \"string\",\n          \"subCategoryDescription\": \"string\"\n        },\n        \"lastUpdatedDatetime\": \"2022-04-26T20:39:47.778Z\",\n        \"mainOffence\": true,\n        \"offenceCount\": 0,\n        \"offenceDate\": \"2022-04-26T20:39:47.778Z\",\n        \"offenceId\": \"string\",\n        \"offenderId\": 0,\n        \"tics\": 0,\n        \"verdict\": \"string\"\n      }\n    ],\n    \"orderManagers\": [\n      {\n        \"dateEndOfAllocation\": \"2022-04-26T20:39:47.778Z\",\n        \"dateStartOfAllocation\": \"2022-04-26T20:39:47.778Z\",\n        \"gradeCode\": \"string\",\n        \"name\": \"string\",\n        \"officerId\": 0,\n        \"probationAreaId\": 0,\n        \"staffCode\": \"STFFCDEU\",\n        \"teamId\": 0\n      }\n    ],\n    \"referralDate\": \"2021-06-10\",\n    \"responsibleCourt\": {\n      \"buildingName\": \"Sheffield Magistrates Court\",\n      \"code\": \"SHEFMC\",\n      \"country\": \"England\",\n      \"county\": \"South Yorkshire\",\n      \"courtId\": 2500000001,\n      \"courtName\": \"Sheffield Magistrates Court\",\n      \"courtType\": {\n        \"code\": \"ABC123\",\n        \"description\": \"Some description\"\n      },\n      \"courtTypeId\": 310,\n      \"createdDatetime\": \"2014-05-29T21:50:16\",\n      \"fax\": \"0114 2756 373\",\n      \"lastUpdatedDatetime\": \"2014-05-29T21:50:16\",\n      \"locality\": \"Sheffield City Centre\",\n      \"postcode\": \"S3 8LU\",\n      \"probationArea\": {\n        \"code\": \"ABC123\",\n        \"description\": \"Some description\"\n      },\n      \"probationAreaId\": 1500001001,\n      \"secureEmailAddress\": \"example@example.com\",\n      \"selectable\": true,\n      \"street\": \"Castle Street\",\n      \"telephoneNumber\": \"0300 047 0777\",\n      \"town\": \"Sheffield\"\n    },\n    \"sentence\": {\n      \"additionalSentences\": [\n        {\n          \"additionalSentenceId\": 2500000001,\n          \"amount\": 100,\n          \"length\": 14,\n          \"notes\": \"Some additional sentence notes\",\n          \"type\": {\n            \"code\": \"ABC123\",\n            \"description\": \"Some description\"\n          }\n        }\n      ],\n      \"cja2003Order\": true,\n      \"defaultLength\": 0,\n      \"description\": \"string\",\n      \"effectiveLength\": 0,\n      \"expectedSentenceEndDate\": \"2022-04-26\",\n      \"failureToComplyLimit\": 0,\n      \"legacyOrder\": true,\n      \"lengthInDays\": 0,\n      \"originalLength\": 0,\n      \"originalLengthUnits\": \"string\",\n      \"secondLength\": 0,\n      \"secondLengthUnits\": \"string\",\n      \"sentenceId\": 0,\n      \"sentenceType\": {\n        \"code\": \"ABC123\",\n        \"description\": \"Some description\"\n      },\n      \"startDate\": \"2022-04-26\",\n      \"terminationDate\": \"2022-04-26\",\n      \"terminationReason\": \"string\",\n      \"unpaidWork\": {\n        \"appointments\": {\n          \"acceptableAbsences\": 0,\n          \"attended\": 0,\n          \"noOutcomeRecorded\": 0,\n          \"total\": 0,\n          \"unacceptableAbsences\": 0\n        },\n        \"minutesCompleted\": 0,\n        \"minutesOrdered\": 0,\n        \"status\": \"string\"\n      }\n    }\n  },\n   {\n    \"active\": false,\n    \"awaitingPsr\": true,\n    \"breachEnd\": \"2019-05-13\",\n    \"convictionDate\": \"2020-06-10\",\n    \"convictionId\": 2500000002,\n    \"courtAppearance\": {\n      \"appearanceDate\": \"2017-09-04T00:00:00\",\n      \"appearanceType\": {\n        \"code\": \"ABC124\",\n        \"description\": \"Some description\"\n      },\n      \"courtAppearanceId\": 2500000009,\n      \"courtCode\": \"SHEFMC\",\n      \"courtName\": \"Sheffield Magistrates Court\",\n      \"crn\": \"A12345\"\n    },\n    \"custody\": {\n      \"bookingNumber\": \"V74113\",\n      \"institution\": {\n        \"code\": \"string\",\n        \"description\": \"string\",\n        \"establishmentType\": {\n          \"code\": \"ABC125\",\n          \"description\": \"Some description\"\n        },\n        \"institutionId\": 0,\n        \"institutionName\": \"string\",\n        \"isEstablishment\": true,\n        \"isPrivate\": true,\n        \"nomsPrisonInstitutionCode\": \"string\"\n      },\n      \"keyDates\": {\n        \"conditionalReleaseDate\": \"2019-06-23\",\n        \"expectedPrisonOffenderManagerHandoverDate\": \"2019-06-23\",\n        \"expectedPrisonOffenderManagerHandoverStartDate\": \"2019-06-23\",\n        \"expectedReleaseDate\": \"2019-06-23\",\n        \"hdcEligibilityDate\": \"2019-06-23\",\n        \"licenceExpiryDate\": \"2019-06-23\",\n        \"paroleEligibilityDate\": \"2019-06-23\",\n        \"postSentenceSupervisionEndDate\": \"2019-06-23\",\n        \"sentenceExpiryDate\": \"2019-06-23\"\n      },\n      \"sentenceStartDate\": \"2020-04-26\",\n      \"status\": {\n        \"code\": \"ABC124\",\n        \"description\": \"Some description\"\n      }\n    },\n    \"failureToComplyCount\": 99,\n    \"inBreach\": true,\n    \"index\": 1,\n    \"latestCourtAppearanceOutcome\": {\n      \"code\": \"ABC124\",\n      \"description\": \"Some description\"\n    },\n    \"offences\": [\n      {\n        \"createdDatetime\": \"2020-04-26T20:39:47.778Z\",\n        \"detail\": {\n          \"abbreviation\": \"string\",\n          \"cjitCode\": \"string\",\n          \"code\": \"string\",\n          \"description\": \"string\",\n          \"form20Code\": \"string\",\n          \"mainCategoryAbbreviation\": \"string\",\n          \"mainCategoryCode\": \"string\",\n          \"mainCategoryDescription\": \"string\",\n          \"ogrsOffenceCategory\": \"string\",\n          \"subCategoryAbbreviation\": \"string\",\n          \"subCategoryCode\": \"string\",\n          \"subCategoryDescription\": \"string\"\n        },\n        \"lastUpdatedDatetime\": \"2020-04-26T20:39:47.778Z\",\n        \"mainOffence\": true,\n        \"offenceCount\": 0,\n        \"offenceDate\": \"2020-04-26T20:39:47.778Z\",\n        \"offenceId\": \"string\",\n        \"offenderId\": 0,\n        \"tics\": 0,\n        \"verdict\": \"string\"\n      }\n    ],\n    \"orderManagers\": [\n      {\n        \"dateEndOfAllocation\": \"2020-04-26T20:39:47.778Z\",\n        \"dateStartOfAllocation\": \"2020-04-26T20:39:47.778Z\",\n        \"gradeCode\": \"string\",\n        \"name\": \"string\",\n        \"officerId\": 0,\n        \"probationAreaId\": 0,\n        \"staffCode\": \"STFFCDEU\",\n        \"teamId\": 0\n      }\n    ],\n    \"referralDate\": \"2019-06-10\",\n    \"responsibleCourt\": {\n      \"buildingName\": \"Sheffield Magistrates Court\",\n      \"code\": \"SHEFMC\",\n      \"country\": \"England\",\n      \"county\": \"South Yorkshire\",\n      \"courtId\": 2500000001,\n      \"courtName\": \"Sheffield Magistrates Court\",\n      \"courtType\": {\n        \"code\": \"ABC126\",\n        \"description\": \"Some description\"\n      },\n      \"courtTypeId\": 310,\n      \"createdDatetime\": \"2014-05-29T21:50:16\",\n      \"fax\": \"0114 2756 373\",\n      \"lastUpdatedDatetime\": \"2014-05-29T21:50:16\",\n      \"locality\": \"Sheffield City Centre\",\n      \"postcode\": \"S3 8LU\",\n      \"probationArea\": {\n        \"code\": \"ABC123\",\n        \"description\": \"Some description\"\n      },\n      \"probationAreaId\": 1500001001,\n      \"secureEmailAddress\": \"example@example.com\",\n      \"selectable\": true,\n      \"street\": \"Castle Street\",\n      \"telephoneNumber\": \"0300 047 0777\",\n      \"town\": \"Sheffield\"\n    },\n    \"sentence\": {\n      \"additionalSentences\": [\n        {\n          \"additionalSentenceId\": 2500000001,\n          \"amount\": 100,\n          \"length\": 14,\n          \"notes\": \"Some additional sentence notes\",\n          \"type\": {\n            \"code\": \"ABC123\",\n            \"description\": \"Some description\"\n          }\n        }\n      ],\n      \"cja2003Order\": true,\n      \"defaultLength\": 0,\n      \"description\": \"string\",\n      \"effectiveLength\": 0,\n      \"expectedSentenceEndDate\": \"2022-04-26\",\n      \"failureToComplyLimit\": 0,\n      \"legacyOrder\": true,\n      \"lengthInDays\": 0,\n      \"originalLength\": 0,\n      \"originalLengthUnits\": \"string\",\n      \"secondLength\": 0,\n      \"secondLengthUnits\": \"string\",\n      \"sentenceId\": 0,\n      \"sentenceType\": {\n        \"code\": \"ABC123\",\n        \"description\": \"Some description\"\n      },\n      \"startDate\": \"2022-04-26\",\n      \"terminationDate\": \"2022-04-26\",\n      \"terminationReason\": \"string\",\n      \"unpaidWork\": {\n        \"appointments\": {\n          \"acceptableAbsences\": 0,\n          \"attended\": 0,\n          \"noOutcomeRecorded\": 0,\n          \"total\": 0,\n          \"unacceptableAbsences\": 0\n        },\n        \"minutesCompleted\": 0,\n        \"minutesOrdered\": 0,\n        \"status\": \"string\"\n      }\n    }\n  }\n]"
  }

 from expectation:

  0a0b0dc2-6a7c-4188-a5eb-805a83c41581
 |  
2022-05-12 14:56:07.833  INFO 5981 --- [ver-EventLog164] org.mockserver.log.MockServerEventLog    : 8092 removed expectation:

  {
    "httpRequest" : {
      "path" : "/secure/offenders/crn/A12345/convictions"
    },
    "httpResponse" : {
      "headers" : {
        "content-type" : [ "application/json" ]
      },
      "body" : "[\n  {\n    \"active\": true,\n    \"awaitingPsr\": true,\n    \"breachEnd\": \"2021-05-13\",\n    \"convictionDate\": \"2021-06-10\",\n    \"convictionId\": 2500000001,\n    \"courtAppearance\": {\n      \"appearanceDate\": \"2019-09-04T00:00:00\",\n      \"appearanceType\": {\n        \"code\": \"ABC123\",\n        \"description\": \"Some description\"\n      },\n      \"courtAppearanceId\": 2500000001,\n      \"courtCode\": \"SHEFMC\",\n      \"courtName\": \"Sheffield Magistrates Court\",\n      \"crn\": \"A12345\"\n    },\n    \"custody\": {\n      \"bookingNumber\": \"V74111\",\n      \"institution\": {\n        \"code\": \"string\",\n        \"description\": \"string\",\n        \"establishmentType\": {\n          \"code\": \"ABC123\",\n          \"description\": \"Some description\"\n        },\n        \"institutionId\": 0,\n        \"institutionName\": \"string\",\n        \"isEstablishment\": true,\n        \"isPrivate\": true,\n        \"nomsPrisonInstitutionCode\": \"string\"\n      },\n      \"keyDates\": {\n        \"conditionalReleaseDate\": \"2020-06-23\",\n        \"expectedPrisonOffenderManagerHandoverDate\": \"2020-06-23\",\n        \"expectedPrisonOffenderManagerHandoverStartDate\": \"2020-06-23\",\n        \"expectedReleaseDate\": \"2020-06-23\",\n        \"hdcEligibilityDate\": \"2020-06-23\",\n        \"licenceExpiryDate\": \"2020-06-23\",\n        \"paroleEligibilityDate\": \"2020-06-23\",\n        \"postSentenceSupervisionEndDate\": \"2020-06-23\",\n        \"sentenceExpiryDate\": \"2020-06-23\"\n      },\n      \"sentenceStartDate\": \"2022-04-26\",\n      \"status\": {\n        \"code\": \"ABC123\",\n        \"description\": \"Some description\"\n      }\n    },\n    \"failureToComplyCount\": 3,\n    \"inBreach\": true,\n    \"index\": 1,\n    \"latestCourtAppearanceOutcome\": {\n      \"code\": \"ABC123\",\n      \"description\": \"Some description\"\n    },\n    \"offences\": [\n      {\n        \"createdDatetime\": \"2022-04-26T20:39:47.778Z\",\n        \"detail\": {\n          \"abbreviation\": \"string\",\n          \"cjitCode\": \"string\",\n          \"code\": \"string\",\n          \"description\": \"Robbery (other than armed robbery)\",\n          \"form20Code\": \"string\",\n          \"mainCategoryAbbreviation\": \"string\",\n          \"mainCategoryCode\": \"string\",\n          \"mainCategoryDescription\": \"string\",\n          \"ogrsOffenceCategory\": \"string\",\n          \"subCategoryAbbreviation\": \"string\",\n          \"subCategoryCode\": \"string\",\n          \"subCategoryDescription\": \"string\"\n        },\n        \"lastUpdatedDatetime\": \"2022-04-26T20:39:47.778Z\",\n        \"mainOffence\": true,\n        \"offenceCount\": 0,\n        \"offenceDate\": \"2022-04-26T20:39:47.778Z\",\n        \"offenceId\": \"string\",\n        \"offenderId\": 0,\n        \"tics\": 0,\n        \"verdict\": \"string\"\n      }\n    ],\n    \"orderManagers\": [\n      {\n        \"dateEndOfAllocation\": \"2022-04-26T20:39:47.778Z\",\n        \"dateStartOfAllocation\": \"2022-04-26T20:39:47.778Z\",\n        \"gradeCode\": \"string\",\n        \"name\": \"string\",\n        \"officerId\": 0,\n        \"probationAreaId\": 0,\n        \"staffCode\": \"STFFCDEU\",\n        \"teamId\": 0\n      }\n    ],\n    \"referralDate\": \"2021-06-10\",\n    \"responsibleCourt\": {\n      \"buildingName\": \"Sheffield Magistrates Court\",\n      \"code\": \"SHEFMC\",\n      \"country\": \"England\",\n      \"county\": \"South Yorkshire\",\n      \"courtId\": 2500000001,\n      \"courtName\": \"Sheffield Magistrates Court\",\n      \"courtType\": {\n        \"code\": \"ABC123\",\n        \"description\": \"Some description\"\n      },\n      \"courtTypeId\": 310,\n      \"createdDatetime\": \"2014-05-29T21:50:16\",\n      \"fax\": \"0114 2756 373\",\n      \"lastUpdatedDatetime\": \"2014-05-29T21:50:16\",\n      \"locality\": \"Sheffield City Centre\",\n      \"postcode\": \"S3 8LU\",\n      \"probationArea\": {\n        \"code\": \"ABC123\",\n        \"description\": \"Some description\"\n      },\n      \"probationAreaId\": 1500001001,\n      \"secureEmailAddress\": \"example@example.com\",\n      \"selectable\": true,\n      \"street\": \"Castle Street\",\n      \"telephoneNumber\": \"0300 047 0777\",\n      \"town\": \"Sheffield\"\n    },\n    \"sentence\": {\n      \"additionalSentences\": [\n        {\n          \"additionalSentenceId\": 2500000001,\n          \"amount\": 100,\n          \"length\": 14,\n          \"notes\": \"Some additional sentence notes\",\n          \"type\": {\n            \"code\": \"ABC123\",\n            \"description\": \"Some description\"\n          }\n        }\n      ],\n      \"cja2003Order\": true,\n      \"defaultLength\": 0,\n      \"description\": \"string\",\n      \"effectiveLength\": 0,\n      \"expectedSentenceEndDate\": \"2022-04-26\",\n      \"failureToComplyLimit\": 0,\n      \"legacyOrder\": true,\n      \"lengthInDays\": 0,\n      \"originalLength\": 0,\n      \"originalLengthUnits\": \"string\",\n      \"secondLength\": 0,\n      \"secondLengthUnits\": \"string\",\n      \"sentenceId\": 0,\n      \"sentenceType\": {\n        \"code\": \"ABC123\",\n        \"description\": \"Some description\"\n      },\n      \"startDate\": \"2022-04-26\",\n      \"terminationDate\": \"2022-04-26\",\n      \"terminationReason\": \"string\",\n      \"unpaidWork\": {\n        \"appointments\": {\n          \"acceptableAbsences\": 0,\n          \"attended\": 0,\n          \"noOutcomeRecorded\": 0,\n          \"total\": 0,\n          \"unacceptableAbsences\": 0\n        },\n        \"minutesCompleted\": 0,\n        \"minutesOrdered\": 0,\n        \"status\": \"string\"\n      }\n    }\n  },\n   {\n    \"active\": false,\n    \"awaitingPsr\": true,\n    \"breachEnd\": \"2019-05-13\",\n    \"convictionDate\": \"2020-06-10\",\n    \"convictionId\": 2500000002,\n    \"courtAppearance\": {\n      \"appearanceDate\": \"2017-09-04T00:00:00\",\n      \"appearanceType\": {\n        \"code\": \"ABC124\",\n        \"description\": \"Some description\"\n      },\n      \"courtAppearanceId\": 2500000009,\n      \"courtCode\": \"SHEFMC\",\n      \"courtName\": \"Sheffield Magistrates Court\",\n      \"crn\": \"A12345\"\n    },\n    \"custody\": {\n      \"bookingNumber\": \"V74113\",\n      \"institution\": {\n        \"code\": \"string\",\n        \"description\": \"string\",\n        \"establishmentType\": {\n          \"code\": \"ABC125\",\n          \"description\": \"Some description\"\n        },\n        \"institutionId\": 0,\n        \"institutionName\": \"string\",\n        \"isEstablishment\": true,\n        \"isPrivate\": true,\n        \"nomsPrisonInstitutionCode\": \"string\"\n      },\n      \"keyDates\": {\n        \"conditionalReleaseDate\": \"2019-06-23\",\n        \"expectedPrisonOffenderManagerHandoverDate\": \"2019-06-23\",\n        \"expectedPrisonOffenderManagerHandoverStartDate\": \"2019-06-23\",\n        \"expectedReleaseDate\": \"2019-06-23\",\n        \"hdcEligibilityDate\": \"2019-06-23\",\n        \"licenceExpiryDate\": \"2019-06-23\",\n        \"paroleEligibilityDate\": \"2019-06-23\",\n        \"postSentenceSupervisionEndDate\": \"2019-06-23\",\n        \"sentenceExpiryDate\": \"2019-06-23\"\n      },\n      \"sentenceStartDate\": \"2020-04-26\",\n      \"status\": {\n        \"code\": \"ABC124\",\n        \"description\": \"Some description\"\n      }\n    },\n    \"failureToComplyCount\": 99,\n    \"inBreach\": true,\n    \"index\": 1,\n    \"latestCourtAppearanceOutcome\": {\n      \"code\": \"ABC124\",\n      \"description\": \"Some description\"\n    },\n    \"offences\": [\n      {\n        \"createdDatetime\": \"2020-04-26T20:39:47.778Z\",\n        \"detail\": {\n          \"abbreviation\": \"string\",\n          \"cjitCode\": \"string\",\n          \"code\": \"string\",\n          \"description\": \"string\",\n          \"form20Code\": \"string\",\n          \"mainCategoryAbbreviation\": \"string\",\n          \"mainCategoryCode\": \"string\",\n          \"mainCategoryDescription\": \"string\",\n          \"ogrsOffenceCategory\": \"string\",\n          \"subCategoryAbbreviation\": \"string\",\n          \"subCategoryCode\": \"string\",\n          \"subCategoryDescription\": \"string\"\n        },\n        \"lastUpdatedDatetime\": \"2020-04-26T20:39:47.778Z\",\n        \"mainOffence\": true,\n        \"offenceCount\": 0,\n        \"offenceDate\": \"2020-04-26T20:39:47.778Z\",\n        \"offenceId\": \"string\",\n        \"offenderId\": 0,\n        \"tics\": 0,\n        \"verdict\": \"string\"\n      }\n    ],\n    \"orderManagers\": [\n      {\n        \"dateEndOfAllocation\": \"2020-04-26T20:39:47.778Z\",\n        \"dateStartOfAllocation\": \"2020-04-26T20:39:47.778Z\",\n        \"gradeCode\": \"string\",\n        \"name\": \"string\",\n        \"officerId\": 0,\n        \"probationAreaId\": 0,\n        \"staffCode\": \"STFFCDEU\",\n        \"teamId\": 0\n      }\n    ],\n    \"referralDate\": \"2019-06-10\",\n    \"responsibleCourt\": {\n      \"buildingName\": \"Sheffield Magistrates Court\",\n      \"code\": \"SHEFMC\",\n      \"country\": \"England\",\n      \"county\": \"South Yorkshire\",\n      \"courtId\": 2500000001,\n      \"courtName\": \"Sheffield Magistrates Court\",\n      \"courtType\": {\n        \"code\": \"ABC126\",\n        \"description\": \"Some description\"\n      },\n      \"courtTypeId\": 310,\n      \"createdDatetime\": \"2014-05-29T21:50:16\",\n      \"fax\": \"0114 2756 373\",\n      \"lastUpdatedDatetime\": \"2014-05-29T21:50:16\",\n      \"locality\": \"Sheffield City Centre\",\n      \"postcode\": \"S3 8LU\",\n      \"probationArea\": {\n        \"code\": \"ABC123\",\n        \"description\": \"Some description\"\n      },\n      \"probationAreaId\": 1500001001,\n      \"secureEmailAddress\": \"example@example.com\",\n      \"selectable\": true,\n      \"street\": \"Castle Street\",\n      \"telephoneNumber\": \"0300 047 0777\",\n      \"town\": \"Sheffield\"\n    },\n    \"sentence\": {\n      \"additionalSentences\": [\n        {\n          \"additionalSentenceId\": 2500000001,\n          \"amount\": 100,\n          \"length\": 14,\n          \"notes\": \"Some additional sentence notes\",\n          \"type\": {\n            \"code\": \"ABC123\",\n            \"description\": \"Some description\"\n          }\n        }\n      ],\n      \"cja2003Order\": true,\n      \"defaultLength\": 0,\n      \"description\": \"string\",\n      \"effectiveLength\": 0,\n      \"expectedSentenceEndDate\": \"2022-04-26\",\n      \"failureToComplyLimit\": 0,\n      \"legacyOrder\": true,\n      \"lengthInDays\": 0,\n      \"originalLength\": 0,\n      \"originalLengthUnits\": \"string\",\n      \"secondLength\": 0,\n      \"secondLengthUnits\": \"string\",\n      \"sentenceId\": 0,\n      \"sentenceType\": {\n        \"code\": \"ABC123\",\n        \"description\": \"Some description\"\n      },\n      \"startDate\": \"2022-04-26\",\n      \"terminationDate\": \"2022-04-26\",\n      \"terminationReason\": \"string\",\n      \"unpaidWork\": {\n        \"appointments\": {\n          \"acceptableAbsences\": 0,\n          \"attended\": 0,\n          \"noOutcomeRecorded\": 0,\n          \"total\": 0,\n          \"unacceptableAbsences\": 0\n        },\n        \"minutesCompleted\": 0,\n        \"minutesOrdered\": 0,\n        \"status\": \"string\"\n      }\n    }\n  }\n]"
    },
    "id" : "0a0b0dc2-6a7c-4188-a5eb-805a83c41581",
    "priority" : 0,
    "timeToLive" : {
      "unlimited" : true
    },
    "times" : {
      "remainingTimes" : 0
    }
  }

 with id:

  0a0b0dc2-6a7c-4188-a5eb-805a83c41581
 |  
2022-05-12 14:56:07.844  INFO 5981 --- [ver-EventLog173] org.mockserver.log.MockServerEventLog    : 9090 received request:

  {
    "method" : "POST",
    "path" : "/auth/oauth/token",
    "headers" : {
      "content-length" : [ "29" ],
      "User-Agent" : [ "Java/17.0.2" ],
      "Host" : [ "localhost:9090" ],
      "Content-Type" : [ "application/x-www-form-urlencoded;charset=UTF-8" ],
      "Connection" : [ "keep-alive" ],
      "Authorization" : [ "Basic bWFrZS1yZWNhbGwtZGVjaXNpb24tYXBpOmNsaWVudHNlY3JldA==" ],
      "Accept" : [ "application/json;charset=UTF-8" ]
    },
    "keepAlive" : true,
    "secure" : false,
    "body" : "grant_type=client_credentials"
  }
 |  
2022-05-12 14:56:07.845  INFO 5981 --- [ver-EventLog173] org.mockserver.log.MockServerEventLog    : 9090 request:

  {
    "method" : "POST",
    "path" : "/auth/oauth/token",
    "headers" : {
      "content-length" : [ "29" ],
      "User-Agent" : [ "Java/17.0.2" ],
      "Host" : [ "localhost:9090" ],
      "Content-Type" : [ "application/x-www-form-urlencoded;charset=UTF-8" ],
      "Connection" : [ "keep-alive" ],
      "Authorization" : [ "Basic bWFrZS1yZWNhbGwtZGVjaXNpb24tYXBpOmNsaWVudHNlY3JldA==" ],
      "Accept" : [ "application/json;charset=UTF-8" ]
    },
    "keepAlive" : true,
    "secure" : false,
    "body" : "grant_type=client_credentials"
  }

 matched expectation:

  {
    "httpRequest" : {
      "path" : "/auth/oauth/token"
    },
    "httpResponse" : {
      "headers" : {
        "content-type" : [ "application/json" ]
      },
      "body" : "{\"access_token\":\"ABCDE\",\"token_type\":\"bearer\"}"
    },
    "id" : "5229d29f-e0ef-4422-a225-8ec8ddf12cce",
    "priority" : 0,
    "timeToLive" : {
      "unlimited" : true
    },
    "times" : {
      "unlimited" : true
    }
  }
 |  
2022-05-12 14:56:07.846  INFO 5981 --- [ver-EventLog173] org.mockserver.log.MockServerEventLog    : 9090 returning response:

  {
    "headers" : {
      "content-type" : [ "application/json" ]
    },
    "body" : "{\"access_token\":\"ABCDE\",\"token_type\":\"bearer\"}"
  }

 for request:

  {
    "method" : "POST",
    "path" : "/auth/oauth/token",
    "headers" : {
      "content-length" : [ "29" ],
      "User-Agent" : [ "Java/17.0.2" ],
      "Host" : [ "localhost:9090" ],
      "Content-Type" : [ "application/x-www-form-urlencoded;charset=UTF-8" ],
      "Connection" : [ "keep-alive" ],
      "Authorization" : [ "Basic bWFrZS1yZWNhbGwtZGVjaXNpb24tYXBpOmNsaWVudHNlY3JldA==" ],
      "Accept" : [ "application/json;charset=UTF-8" ]
    },
    "keepAlive" : true,
    "secure" : false,
    "body" : "grant_type=client_credentials"
  }

 for action:

  {
    "headers" : {
      "content-type" : [ "application/json" ]
    },
    "body" : "{\"access_token\":\"ABCDE\",\"token_type\":\"bearer\"}"
  }

 from expectation:

  5229d29f-e0ef-4422-a225-8ec8ddf12cce
 |  
2022-05-12 14:56:07.853  INFO 5981 --- [ver-EventLog164] org.mockserver.log.MockServerEventLog    : 8092 received request:

  {
    "method" : "GET",
    "path" : "/secure/offenders/crn/A12345/all",
    "headers" : {
      "user-agent" : [ "ReactorNetty/1.0.18" ],
      "host" : [ "localhost:8092" ],
      "content-length" : [ "0" ],
      "accept-encoding" : [ "gzip" ],
      "accept" : [ "*/*" ],
      "Authorization" : [ "Bearer ABCDE" ]
    },
    "keepAlive" : true,
    "secure" : false,
    "remoteAddress" : "127.0.0.1"
  }
 |  
2022-05-12 14:56:07.854  INFO 5981 --- [ver-EventLog164] org.mockserver.log.MockServerEventLog    : 8092 request:

  {
    "method" : "GET",
    "path" : "/secure/offenders/crn/A12345/all",
    "headers" : {
      "user-agent" : [ "ReactorNetty/1.0.18" ],
      "host" : [ "localhost:8092" ],
      "content-length" : [ "0" ],
      "accept-encoding" : [ "gzip" ],
      "accept" : [ "*/*" ],
      "Authorization" : [ "Bearer ABCDE" ]
    },
    "keepAlive" : true,
    "secure" : false,
    "remoteAddress" : "127.0.0.1"
  }

 didn't match expectation:

  {
    "httpRequest" : {
      "path" : "/ping"
    },
    "httpResponse" : {
      "headers" : {
        "content-type" : [ "application/json" ]
      },
      "body" : "{\"status\":\"OK\"}"
    },
    "id" : "ba71a6f8-4e76-4442-98a9-7273cc6ecbb8",
    "priority" : 0,
    "timeToLive" : {
      "unlimited" : true
    },
    "times" : {
      "unlimited" : true
    }
  }

 because:

  method matched
  path didn't match
 |  
2022-05-12 14:56:07.856  INFO 5981 --- [ver-EventLog164] org.mockserver.log.MockServerEventLog    : 8092 request:

  {
    "method" : "GET",
    "path" : "/secure/offenders/crn/A12345/all",
    "headers" : {
      "user-agent" : [ "ReactorNetty/1.0.18" ],
      "host" : [ "localhost:8092" ],
      "content-length" : [ "0" ],
      "accept-encoding" : [ "gzip" ],
      "accept" : [ "*/*" ],
      "Authorization" : [ "Bearer ABCDE" ]
    },
    "keepAlive" : true,
    "secure" : false,
    "remoteAddress" : "127.0.0.1"
  }

 matched expectation:

  {
    "httpRequest" : {
      "path" : "/secure/offenders/crn/A12345/all"
    },
    "httpResponse" : {
      "headers" : {
        "content-type" : [ "application/json" ]
      },
      "body" : "{\n  \"activeProbationManagedSentence\": true,\n  \"contactDetails\": {\n    \"addresses\": [\n      {\n        \"addressNumber\": 32,\n        \"buildingName\": \"HMPPS Digital Studio\",\n        \"county\": \"South Yorkshire\",\n        \"createdDatetime\": \"2021-06-11T13:00:00\",\n        \"district\": \"Sheffield City Centre\",\n        \"from\": \"2021-06-10\",\n        \"lastUpdatedDatetime\": \"2021-06-11T14:00:00\",\n        \"latestAssessmentDate\": \"2021-06-11T12:00:00\",\n        \"noFixedAbode\": true,\n        \"notes\": \"Some address notes\",\n        \"postcode\": \"S3 7BS\",\n        \"status\": {\n          \"code\": \"ABC123\",\n          \"description\": \"Main\"\n        },\n        \"streetName\": \"Scotland Street\",\n        \"telephoneNumber\": \"0123456789\",\n        \"to\": \"2021-07-10\",\n        \"town\": \"Sheffield\",\n        \"type\": {\n          \"code\": \"ABC123\",\n          \"description\": \"Some description\"\n        },\n        \"typeVerified\": true\n      },\n      {\n        \"addressNumber\": 33,\n        \"buildingName\": \"HMPPS Digital Studio\",\n        \"county\": \"South Yorkshire\",\n        \"createdDatetime\": \"2021-06-11T13:00:00\",\n        \"district\": \"Sheffield City Centre\",\n        \"from\": \"2020-06-10\",\n        \"lastUpdatedDatetime\": \"2021-06-11T14:00:00\",\n        \"latestAssessmentDate\": \"2021-06-11T12:00:00\",\n        \"noFixedAbode\": true,\n        \"notes\": \"Some address notes\",\n        \"postcode\": \"S3 7BS\",\n        \"status\": {\n          \"code\": \"ABC123\",\n          \"description\": \"Not Main\"\n        },\n        \"streetName\": \"Scotland Street\",\n        \"telephoneNumber\": \"0123456789\",\n        \"to\": \"2020-07-10\",\n        \"town\": \"Sheffield\",\n        \"type\": {\n          \"code\": \"ABC123\",\n          \"description\": \"Some description\"\n        },\n        \"typeVerified\": true\n      }\n    ],\n    \"allowSMS\": true,\n    \"emailAddresses\": [\n      \"string\"\n    ],\n    \"phoneNumbers\": [\n      {\n        \"number\": \"string\",\n        \"type\": \"MOBILE\"\n      }\n    ]\n  },\n  \"currentDisposal\": 1,\n  \"currentExclusion\": true,\n  \"currentRestriction\": true,\n  \"currentTier\": \"D2\",\n  \"dateOfBirth\": \"1982-10-24\",\n  \"exclusionMessage\": \"string\",\n  \"firstName\": \"John\",\n  \"gender\": \"Male\",\n  \"middleNames\": [\n    \"string\"\n  ],\n  \"offenderAliases\": [\n    {\n      \"dateOfBirth\": \"2022-04-26\",\n      \"firstName\": \"string\",\n      \"gender\": \"string\",\n      \"id\": \"string\",\n      \"middleNames\": [\n        \"string\"\n      ],\n      \"surname\": \"string\"\n    }\n  ],\n  \"offenderId\": 0,\n  \"offenderManagers\": [\n    {\n      \"active\": true,\n      \"allocationReason\": {\n        \"code\": \"ABC123\",\n        \"description\": \"Some description\"\n      },\n      \"fromDate\": \"2022-04-26\",\n      \"partitionArea\": \"string\",\n      \"probationArea\": {\n        \"code\": \"N01\",\n        \"description\": \"NPS North West\",\n        \"institution\": {\n          \"code\": \"string\",\n          \"description\": \"string\",\n          \"establishmentType\": {\n            \"code\": \"ABC123\",\n            \"description\": \"Some description\"\n          },\n          \"institutionId\": 0,\n          \"institutionName\": \"string\",\n          \"isEstablishment\": true,\n          \"isPrivate\": true,\n          \"nomsPrisonInstitutionCode\": \"string\"\n        },\n        \"nps\": true,\n        \"organisation\": {\n          \"code\": \"ABC123\",\n          \"description\": \"Some description\"\n        },\n        \"probationAreaId\": 0,\n        \"teams\": [\n          {\n            \"borough\": {\n              \"code\": \"ABC123\",\n              \"description\": \"Some description\"\n            },\n            \"code\": \"string\",\n            \"description\": \"string\",\n            \"district\": {\n              \"code\": \"ABC123\",\n              \"description\": \"Some description\"\n            },\n            \"externalProvider\": {\n              \"code\": \"ABC123\",\n              \"description\": \"Some description\"\n            },\n            \"isPrivate\": true,\n            \"localDeliveryUnit\": {\n              \"code\": \"ABC123\",\n              \"description\": \"Some description\"\n            },\n            \"name\": \"string\",\n            \"providerTeamId\": 0,\n            \"scProvider\": {\n              \"code\": \"ABC123\",\n              \"description\": \"Some description\"\n            },\n            \"teamId\": 0\n          }\n        ]\n      },\n      \"providerEmployee\": {\n        \"forenames\": \"Sheila Linda\",\n        \"surname\": \"Hancock\"\n      },\n      \"softDeleted\": true,\n      \"staff\": {\n        \"code\": \"AN001A\",\n        \"forenames\": \"Sheila Linda\",\n        \"surname\": \"Hancock\",\n        \"unallocated\": true\n      },\n      \"team\": {\n        \"borough\": {\n          \"code\": \"ABC123\",\n          \"description\": \"Some description\"\n        },\n        \"code\": \"C01T04\",\n        \"description\": \"OMU A\",\n        \"district\": {\n          \"code\": \"ABC123\",\n          \"description\": \"Some description\"\n        },\n        \"emailAddress\": \"first.last@digital.justice.gov.uk\",\n        \"endDate\": \"2022-04-26\",\n        \"localDeliveryUnit\": {\n          \"code\": \"ABC123\",\n          \"description\": \"Some description\"\n        },\n        \"startDate\": \"2022-04-26\",\n        \"teamType\": {\n          \"code\": \"ABC123\",\n          \"description\": \"Some description\"\n        },\n        \"telephone\": \"09056714321\"\n      },\n      \"toDate\": \"2022-04-26\",\n      \"trustOfficer\": {\n        \"forenames\": \"Sheila Linda\",\n        \"surname\": \"Hancock\"\n      }\n    },\n    {\n      \"active\": false,\n      \"allocationReason\": {\n        \"code\": \"ABC123\",\n        \"description\": \"Some description\"\n      },\n      \"fromDate\": \"2022-04-26\",\n      \"partitionArea\": \"string\",\n      \"probationArea\": {\n        \"code\": \"N01\",\n        \"description\": \"NPS North West\",\n        \"institution\": {\n          \"code\": \"string\",\n          \"description\": \"string\",\n          \"establishmentType\": {\n            \"code\": \"ABC123\",\n            \"description\": \"Some description\"\n          },\n          \"institutionId\": 0,\n          \"institutionName\": \"string\",\n          \"isEstablishment\": true,\n          \"isPrivate\": true,\n          \"nomsPrisonInstitutionCode\": \"string\"\n        },\n        \"nps\": true,\n        \"organisation\": {\n          \"code\": \"ABC123\",\n          \"description\": \"Some description\"\n        },\n        \"probationAreaId\": 0,\n        \"teams\": [\n          {\n            \"borough\": {\n              \"code\": \"ABC123\",\n              \"description\": \"Some description\"\n            },\n            \"code\": \"string\",\n            \"description\": \"string\",\n            \"district\": {\n              \"code\": \"ABC123\",\n              \"description\": \"Some description\"\n            },\n            \"externalProvider\": {\n              \"code\": \"ABC123\",\n              \"description\": \"Some description\"\n            },\n            \"isPrivate\": true,\n            \"localDeliveryUnit\": {\n              \"code\": \"ABC123\",\n              \"description\": \"Some description\"\n            },\n            \"name\": \"string\",\n            \"providerTeamId\": 0,\n            \"scProvider\": {\n              \"code\": \"ABC123\",\n              \"description\": \"Some description\"\n            },\n            \"teamId\": 0\n          }\n        ]\n      },\n      \"providerEmployee\": {\n        \"forenames\": \"Sheila Linda\",\n        \"surname\": \"Hancock\"\n      },\n      \"softDeleted\": true,\n      \"staff\": {\n        \"code\": \"AN001A\",\n        \"forenames\": \"Sheila Linda\",\n        \"surname\": \"Hancock\",\n        \"unallocated\": true\n      },\n      \"team\": {\n        \"borough\": {\n          \"code\": \"ABC123\",\n          \"description\": \"Some description\"\n        },\n        \"code\": \"C01T04\",\n        \"description\": \"OMU A\",\n        \"district\": {\n          \"code\": \"ABC123\",\n          \"description\": \"Some description\"\n        },\n        \"emailAddress\": \"dua.lipa@digital.justice.gov.uk\",\n        \"endDate\": \"2022-04-26\",\n        \"localDeliveryUnit\": {\n          \"code\": \"ABC123\",\n          \"description\": \"Some description\"\n        },\n        \"startDate\": \"2022-04-26\",\n        \"teamType\": {\n          \"code\": \"ABC123\",\n          \"description\": \"Some description\"\n        },\n        \"telephone\": \"123\"\n      },\n      \"toDate\": \"2022-04-26\",\n      \"trustOfficer\": {\n        \"forenames\": \"Dua\",\n        \"surname\": \"Lipa\"\n      }\n    }\n  ],\n  \"offenderProfile\": {\n    \"disabilities\": [\n      {\n        \"disabilityId\": 0,\n        \"disabilityType\": {\n          \"code\": \"ABC123\",\n          \"description\": \"Some description\"\n        },\n        \"endDate\": \"2022-04-26\",\n        \"isActive\": true,\n        \"lastUpdatedDateTime\": \"2020-09-20T11:00:00+01:00\",\n        \"notes\": \"string\",\n        \"provisions\": [\n          {\n            \"finishDate\": \"2022-04-26\",\n            \"notes\": \"string\",\n            \"provisionId\": 0,\n            \"provisionType\": {\n              \"code\": \"ABC123\",\n              \"description\": \"Some description\"\n            },\n            \"startDate\": \"2022-04-26\"\n          }\n        ],\n        \"startDate\": \"2022-04-26\"\n      }\n    ],\n    \"ethnicity\": \"string\",\n    \"genderIdentity\": \"Prefer to self-describe\",\n    \"immigrationStatus\": \"string\",\n    \"nationality\": \"string\",\n    \"notes\": \"string\",\n    \"offenderDetails\": \"string\",\n    \"offenderLanguages\": {\n      \"languageConcerns\": \"string\",\n      \"otherLanguages\": [\n        \"string\"\n      ],\n      \"primaryLanguage\": \"string\",\n      \"requiresInterpreter\": true\n    },\n    \"previousConviction\": {\n      \"convictionDate\": \"2022-04-26\",\n      \"detail\": {\n        \"additionalProp1\": \"string\",\n        \"additionalProp2\": \"string\",\n        \"additionalProp3\": \"string\"\n      }\n    },\n    \"religion\": \"string\",\n    \"remandStatus\": \"string\",\n    \"riskColour\": \"string\",\n    \"secondaryNationality\": \"string\",\n    \"selfDescribedGender\": \"Jedi\",\n    \"sexualOrientation\": \"string\"\n  },\n  \"otherIds\": {\n    \"crn\": \"12345C\",\n    \"croNumber\": \"123456/04A\",\n    \"immigrationNumber\": \"A1234567\",\n    \"mostRecentPrisonerNumber\": \"G12345\",\n    \"niNumber\": \"AA112233B\",\n    \"nomsNumber\": \"A1234CR\",\n    \"pncNumber\": \"2004/0712343H\"\n  },\n  \"partitionArea\": \"National Data\",\n  \"preferredName\": \"Bob\",\n  \"previousSurname\": \"Davis\",\n  \"restrictionMessage\": \"string\",\n  \"softDeleted\": true,\n  \"surname\": \"Smith\",\n  \"title\": \"Mr\"\n}"
    },
    "id" : "3d5d7922-869d-46c7-b0ee-90d36e34190a",
    "priority" : 0,
    "timeToLive" : {
      "unlimited" : true
    },
    "times" : {
      "remainingTimes" : 1
    }
  }
 |  
2022-05-12 14:56:07.860  INFO 5981 --- [ver-EventLog164] org.mockserver.log.MockServerEventLog    : 8092 returning response:

  {
    "headers" : {
      "content-type" : [ "application/json" ]
    },
    "body" : "{\n  \"activeProbationManagedSentence\": true,\n  \"contactDetails\": {\n    \"addresses\": [\n      {\n        \"addressNumber\": 32,\n        \"buildingName\": \"HMPPS Digital Studio\",\n        \"county\": \"South Yorkshire\",\n        \"createdDatetime\": \"2021-06-11T13:00:00\",\n        \"district\": \"Sheffield City Centre\",\n        \"from\": \"2021-06-10\",\n        \"lastUpdatedDatetime\": \"2021-06-11T14:00:00\",\n        \"latestAssessmentDate\": \"2021-06-11T12:00:00\",\n        \"noFixedAbode\": true,\n        \"notes\": \"Some address notes\",\n        \"postcode\": \"S3 7BS\",\n        \"status\": {\n          \"code\": \"ABC123\",\n          \"description\": \"Main\"\n        },\n        \"streetName\": \"Scotland Street\",\n        \"telephoneNumber\": \"0123456789\",\n        \"to\": \"2021-07-10\",\n        \"town\": \"Sheffield\",\n        \"type\": {\n          \"code\": \"ABC123\",\n          \"description\": \"Some description\"\n        },\n        \"typeVerified\": true\n      },\n      {\n        \"addressNumber\": 33,\n        \"buildingName\": \"HMPPS Digital Studio\",\n        \"county\": \"South Yorkshire\",\n        \"createdDatetime\": \"2021-06-11T13:00:00\",\n        \"district\": \"Sheffield City Centre\",\n        \"from\": \"2020-06-10\",\n        \"lastUpdatedDatetime\": \"2021-06-11T14:00:00\",\n        \"latestAssessmentDate\": \"2021-06-11T12:00:00\",\n        \"noFixedAbode\": true,\n        \"notes\": \"Some address notes\",\n        \"postcode\": \"S3 7BS\",\n        \"status\": {\n          \"code\": \"ABC123\",\n          \"description\": \"Not Main\"\n        },\n        \"streetName\": \"Scotland Street\",\n        \"telephoneNumber\": \"0123456789\",\n        \"to\": \"2020-07-10\",\n        \"town\": \"Sheffield\",\n        \"type\": {\n          \"code\": \"ABC123\",\n          \"description\": \"Some description\"\n        },\n        \"typeVerified\": true\n      }\n    ],\n    \"allowSMS\": true,\n    \"emailAddresses\": [\n      \"string\"\n    ],\n    \"phoneNumbers\": [\n      {\n        \"number\": \"string\",\n        \"type\": \"MOBILE\"\n      }\n    ]\n  },\n  \"currentDisposal\": 1,\n  \"currentExclusion\": true,\n  \"currentRestriction\": true,\n  \"currentTier\": \"D2\",\n  \"dateOfBirth\": \"1982-10-24\",\n  \"exclusionMessage\": \"string\",\n  \"firstName\": \"John\",\n  \"gender\": \"Male\",\n  \"middleNames\": [\n    \"string\"\n  ],\n  \"offenderAliases\": [\n    {\n      \"dateOfBirth\": \"2022-04-26\",\n      \"firstName\": \"string\",\n      \"gender\": \"string\",\n      \"id\": \"string\",\n      \"middleNames\": [\n        \"string\"\n      ],\n      \"surname\": \"string\"\n    }\n  ],\n  \"offenderId\": 0,\n  \"offenderManagers\": [\n    {\n      \"active\": true,\n      \"allocationReason\": {\n        \"code\": \"ABC123\",\n        \"description\": \"Some description\"\n      },\n      \"fromDate\": \"2022-04-26\",\n      \"partitionArea\": \"string\",\n      \"probationArea\": {\n        \"code\": \"N01\",\n        \"description\": \"NPS North West\",\n        \"institution\": {\n          \"code\": \"string\",\n          \"description\": \"string\",\n          \"establishmentType\": {\n            \"code\": \"ABC123\",\n            \"description\": \"Some description\"\n          },\n          \"institutionId\": 0,\n          \"institutionName\": \"string\",\n          \"isEstablishment\": true,\n          \"isPrivate\": true,\n          \"nomsPrisonInstitutionCode\": \"string\"\n        },\n        \"nps\": true,\n        \"organisation\": {\n          \"code\": \"ABC123\",\n          \"description\": \"Some description\"\n        },\n        \"probationAreaId\": 0,\n        \"teams\": [\n          {\n            \"borough\": {\n              \"code\": \"ABC123\",\n              \"description\": \"Some description\"\n            },\n            \"code\": \"string\",\n            \"description\": \"string\",\n            \"district\": {\n              \"code\": \"ABC123\",\n              \"description\": \"Some description\"\n            },\n            \"externalProvider\": {\n              \"code\": \"ABC123\",\n              \"description\": \"Some description\"\n            },\n            \"isPrivate\": true,\n            \"localDeliveryUnit\": {\n              \"code\": \"ABC123\",\n              \"description\": \"Some description\"\n            },\n            \"name\": \"string\",\n            \"providerTeamId\": 0,\n            \"scProvider\": {\n              \"code\": \"ABC123\",\n              \"description\": \"Some description\"\n            },\n            \"teamId\": 0\n          }\n        ]\n      },\n      \"providerEmployee\": {\n        \"forenames\": \"Sheila Linda\",\n        \"surname\": \"Hancock\"\n      },\n      \"softDeleted\": true,\n      \"staff\": {\n        \"code\": \"AN001A\",\n        \"forenames\": \"Sheila Linda\",\n        \"surname\": \"Hancock\",\n        \"unallocated\": true\n      },\n      \"team\": {\n        \"borough\": {\n          \"code\": \"ABC123\",\n          \"description\": \"Some description\"\n        },\n        \"code\": \"C01T04\",\n        \"description\": \"OMU A\",\n        \"district\": {\n          \"code\": \"ABC123\",\n          \"description\": \"Some description\"\n        },\n        \"emailAddress\": \"first.last@digital.justice.gov.uk\",\n        \"endDate\": \"2022-04-26\",\n        \"localDeliveryUnit\": {\n          \"code\": \"ABC123\",\n          \"description\": \"Some description\"\n        },\n        \"startDate\": \"2022-04-26\",\n        \"teamType\": {\n          \"code\": \"ABC123\",\n          \"description\": \"Some description\"\n        },\n        \"telephone\": \"09056714321\"\n      },\n      \"toDate\": \"2022-04-26\",\n      \"trustOfficer\": {\n        \"forenames\": \"Sheila Linda\",\n        \"surname\": \"Hancock\"\n      }\n    },\n    {\n      \"active\": false,\n      \"allocationReason\": {\n        \"code\": \"ABC123\",\n        \"description\": \"Some description\"\n      },\n      \"fromDate\": \"2022-04-26\",\n      \"partitionArea\": \"string\",\n      \"probationArea\": {\n        \"code\": \"N01\",\n        \"description\": \"NPS North West\",\n        \"institution\": {\n          \"code\": \"string\",\n          \"description\": \"string\",\n          \"establishmentType\": {\n            \"code\": \"ABC123\",\n            \"description\": \"Some description\"\n          },\n          \"institutionId\": 0,\n          \"institutionName\": \"string\",\n          \"isEstablishment\": true,\n          \"isPrivate\": true,\n          \"nomsPrisonInstitutionCode\": \"string\"\n        },\n        \"nps\": true,\n        \"organisation\": {\n          \"code\": \"ABC123\",\n          \"description\": \"Some description\"\n        },\n        \"probationAreaId\": 0,\n        \"teams\": [\n          {\n            \"borough\": {\n              \"code\": \"ABC123\",\n              \"description\": \"Some description\"\n            },\n            \"code\": \"string\",\n            \"description\": \"string\",\n            \"district\": {\n              \"code\": \"ABC123\",\n              \"description\": \"Some description\"\n            },\n            \"externalProvider\": {\n              \"code\": \"ABC123\",\n              \"description\": \"Some description\"\n            },\n            \"isPrivate\": true,\n            \"localDeliveryUnit\": {\n              \"code\": \"ABC123\",\n              \"description\": \"Some description\"\n            },\n            \"name\": \"string\",\n            \"providerTeamId\": 0,\n            \"scProvider\": {\n              \"code\": \"ABC123\",\n              \"description\": \"Some description\"\n            },\n            \"teamId\": 0\n          }\n        ]\n      },\n      \"providerEmployee\": {\n        \"forenames\": \"Sheila Linda\",\n        \"surname\": \"Hancock\"\n      },\n      \"softDeleted\": true,\n      \"staff\": {\n        \"code\": \"AN001A\",\n        \"forenames\": \"Sheila Linda\",\n        \"surname\": \"Hancock\",\n        \"unallocated\": true\n      },\n      \"team\": {\n        \"borough\": {\n          \"code\": \"ABC123\",\n          \"description\": \"Some description\"\n        },\n        \"code\": \"C01T04\",\n        \"description\": \"OMU A\",\n        \"district\": {\n          \"code\": \"ABC123\",\n          \"description\": \"Some description\"\n        },\n        \"emailAddress\": \"dua.lipa@digital.justice.gov.uk\",\n        \"endDate\": \"2022-04-26\",\n        \"localDeliveryUnit\": {\n          \"code\": \"ABC123\",\n          \"description\": \"Some description\"\n        },\n        \"startDate\": \"2022-04-26\",\n        \"teamType\": {\n          \"code\": \"ABC123\",\n          \"description\": \"Some description\"\n        },\n        \"telephone\": \"123\"\n      },\n      \"toDate\": \"2022-04-26\",\n      \"trustOfficer\": {\n        \"forenames\": \"Dua\",\n        \"surname\": \"Lipa\"\n      }\n    }\n  ],\n  \"offenderProfile\": {\n    \"disabilities\": [\n      {\n        \"disabilityId\": 0,\n        \"disabilityType\": {\n          \"code\": \"ABC123\",\n          \"description\": \"Some description\"\n        },\n        \"endDate\": \"2022-04-26\",\n        \"isActive\": true,\n        \"lastUpdatedDateTime\": \"2020-09-20T11:00:00+01:00\",\n        \"notes\": \"string\",\n        \"provisions\": [\n          {\n            \"finishDate\": \"2022-04-26\",\n            \"notes\": \"string\",\n            \"provisionId\": 0,\n            \"provisionType\": {\n              \"code\": \"ABC123\",\n              \"description\": \"Some description\"\n            },\n            \"startDate\": \"2022-04-26\"\n          }\n        ],\n        \"startDate\": \"2022-04-26\"\n      }\n    ],\n    \"ethnicity\": \"string\",\n    \"genderIdentity\": \"Prefer to self-describe\",\n    \"immigrationStatus\": \"string\",\n    \"nationality\": \"string\",\n    \"notes\": \"string\",\n    \"offenderDetails\": \"string\",\n    \"offenderLanguages\": {\n      \"languageConcerns\": \"string\",\n      \"otherLanguages\": [\n        \"string\"\n      ],\n      \"primaryLanguage\": \"string\",\n      \"requiresInterpreter\": true\n    },\n    \"previousConviction\": {\n      \"convictionDate\": \"2022-04-26\",\n      \"detail\": {\n        \"additionalProp1\": \"string\",\n        \"additionalProp2\": \"string\",\n        \"additionalProp3\": \"string\"\n      }\n    },\n    \"religion\": \"string\",\n    \"remandStatus\": \"string\",\n    \"riskColour\": \"string\",\n    \"secondaryNationality\": \"string\",\n    \"selfDescribedGender\": \"Jedi\",\n    \"sexualOrientation\": \"string\"\n  },\n  \"otherIds\": {\n    \"crn\": \"12345C\",\n    \"croNumber\": \"123456/04A\",\n    \"immigrationNumber\": \"A1234567\",\n    \"mostRecentPrisonerNumber\": \"G12345\",\n    \"niNumber\": \"AA112233B\",\n    \"nomsNumber\": \"A1234CR\",\n    \"pncNumber\": \"2004/0712343H\"\n  },\n  \"partitionArea\": \"National Data\",\n  \"preferredName\": \"Bob\",\n  \"previousSurname\": \"Davis\",\n  \"restrictionMessage\": \"string\",\n  \"softDeleted\": true,\n  \"surname\": \"Smith\",\n  \"title\": \"Mr\"\n}"
  }

 for request:

  {
    "method" : "GET",
    "path" : "/secure/offenders/crn/A12345/all",
    "headers" : {
      "user-agent" : [ "ReactorNetty/1.0.18" ],
      "host" : [ "localhost:8092" ],
      "content-length" : [ "0" ],
      "accept-encoding" : [ "gzip" ],
      "accept" : [ "*/*" ],
      "Authorization" : [ "Bearer ABCDE" ]
    },
    "keepAlive" : true,
    "secure" : false,
    "remoteAddress" : "127.0.0.1"
  }

 for action:

  {
    "headers" : {
      "content-type" : [ "application/json" ]
    },
    "body" : "{\n  \"activeProbationManagedSentence\": true,\n  \"contactDetails\": {\n    \"addresses\": [\n      {\n        \"addressNumber\": 32,\n        \"buildingName\": \"HMPPS Digital Studio\",\n        \"county\": \"South Yorkshire\",\n        \"createdDatetime\": \"2021-06-11T13:00:00\",\n        \"district\": \"Sheffield City Centre\",\n        \"from\": \"2021-06-10\",\n        \"lastUpdatedDatetime\": \"2021-06-11T14:00:00\",\n        \"latestAssessmentDate\": \"2021-06-11T12:00:00\",\n        \"noFixedAbode\": true,\n        \"notes\": \"Some address notes\",\n        \"postcode\": \"S3 7BS\",\n        \"status\": {\n          \"code\": \"ABC123\",\n          \"description\": \"Main\"\n        },\n        \"streetName\": \"Scotland Street\",\n        \"telephoneNumber\": \"0123456789\",\n        \"to\": \"2021-07-10\",\n        \"town\": \"Sheffield\",\n        \"type\": {\n          \"code\": \"ABC123\",\n          \"description\": \"Some description\"\n        },\n        \"typeVerified\": true\n      },\n      {\n        \"addressNumber\": 33,\n        \"buildingName\": \"HMPPS Digital Studio\",\n        \"county\": \"South Yorkshire\",\n        \"createdDatetime\": \"2021-06-11T13:00:00\",\n        \"district\": \"Sheffield City Centre\",\n        \"from\": \"2020-06-10\",\n        \"lastUpdatedDatetime\": \"2021-06-11T14:00:00\",\n        \"latestAssessmentDate\": \"2021-06-11T12:00:00\",\n        \"noFixedAbode\": true,\n        \"notes\": \"Some address notes\",\n        \"postcode\": \"S3 7BS\",\n        \"status\": {\n          \"code\": \"ABC123\",\n          \"description\": \"Not Main\"\n        },\n        \"streetName\": \"Scotland Street\",\n        \"telephoneNumber\": \"0123456789\",\n        \"to\": \"2020-07-10\",\n        \"town\": \"Sheffield\",\n        \"type\": {\n          \"code\": \"ABC123\",\n          \"description\": \"Some description\"\n        },\n        \"typeVerified\": true\n      }\n    ],\n    \"allowSMS\": true,\n    \"emailAddresses\": [\n      \"string\"\n    ],\n    \"phoneNumbers\": [\n      {\n        \"number\": \"string\",\n        \"type\": \"MOBILE\"\n      }\n    ]\n  },\n  \"currentDisposal\": 1,\n  \"currentExclusion\": true,\n  \"currentRestriction\": true,\n  \"currentTier\": \"D2\",\n  \"dateOfBirth\": \"1982-10-24\",\n  \"exclusionMessage\": \"string\",\n  \"firstName\": \"John\",\n  \"gender\": \"Male\",\n  \"middleNames\": [\n    \"string\"\n  ],\n  \"offenderAliases\": [\n    {\n      \"dateOfBirth\": \"2022-04-26\",\n      \"firstName\": \"string\",\n      \"gender\": \"string\",\n      \"id\": \"string\",\n      \"middleNames\": [\n        \"string\"\n      ],\n      \"surname\": \"string\"\n    }\n  ],\n  \"offenderId\": 0,\n  \"offenderManagers\": [\n    {\n      \"active\": true,\n      \"allocationReason\": {\n        \"code\": \"ABC123\",\n        \"description\": \"Some description\"\n      },\n      \"fromDate\": \"2022-04-26\",\n      \"partitionArea\": \"string\",\n      \"probationArea\": {\n        \"code\": \"N01\",\n        \"description\": \"NPS North West\",\n        \"institution\": {\n          \"code\": \"string\",\n          \"description\": \"string\",\n          \"establishmentType\": {\n            \"code\": \"ABC123\",\n            \"description\": \"Some description\"\n          },\n          \"institutionId\": 0,\n          \"institutionName\": \"string\",\n          \"isEstablishment\": true,\n          \"isPrivate\": true,\n          \"nomsPrisonInstitutionCode\": \"string\"\n        },\n        \"nps\": true,\n        \"organisation\": {\n          \"code\": \"ABC123\",\n          \"description\": \"Some description\"\n        },\n        \"probationAreaId\": 0,\n        \"teams\": [\n          {\n            \"borough\": {\n              \"code\": \"ABC123\",\n              \"description\": \"Some description\"\n            },\n            \"code\": \"string\",\n            \"description\": \"string\",\n            \"district\": {\n              \"code\": \"ABC123\",\n              \"description\": \"Some description\"\n            },\n            \"externalProvider\": {\n              \"code\": \"ABC123\",\n              \"description\": \"Some description\"\n            },\n            \"isPrivate\": true,\n            \"localDeliveryUnit\": {\n              \"code\": \"ABC123\",\n              \"description\": \"Some description\"\n            },\n            \"name\": \"string\",\n            \"providerTeamId\": 0,\n            \"scProvider\": {\n              \"code\": \"ABC123\",\n              \"description\": \"Some description\"\n            },\n            \"teamId\": 0\n          }\n        ]\n      },\n      \"providerEmployee\": {\n        \"forenames\": \"Sheila Linda\",\n        \"surname\": \"Hancock\"\n      },\n      \"softDeleted\": true,\n      \"staff\": {\n        \"code\": \"AN001A\",\n        \"forenames\": \"Sheila Linda\",\n        \"surname\": \"Hancock\",\n        \"unallocated\": true\n      },\n      \"team\": {\n        \"borough\": {\n          \"code\": \"ABC123\",\n          \"description\": \"Some description\"\n        },\n        \"code\": \"C01T04\",\n        \"description\": \"OMU A\",\n        \"district\": {\n          \"code\": \"ABC123\",\n          \"description\": \"Some description\"\n        },\n        \"emailAddress\": \"first.last@digital.justice.gov.uk\",\n        \"endDate\": \"2022-04-26\",\n        \"localDeliveryUnit\": {\n          \"code\": \"ABC123\",\n          \"description\": \"Some description\"\n        },\n        \"startDate\": \"2022-04-26\",\n        \"teamType\": {\n          \"code\": \"ABC123\",\n          \"description\": \"Some description\"\n        },\n        \"telephone\": \"09056714321\"\n      },\n      \"toDate\": \"2022-04-26\",\n      \"trustOfficer\": {\n        \"forenames\": \"Sheila Linda\",\n        \"surname\": \"Hancock\"\n      }\n    },\n    {\n      \"active\": false,\n      \"allocationReason\": {\n        \"code\": \"ABC123\",\n        \"description\": \"Some description\"\n      },\n      \"fromDate\": \"2022-04-26\",\n      \"partitionArea\": \"string\",\n      \"probationArea\": {\n        \"code\": \"N01\",\n        \"description\": \"NPS North West\",\n        \"institution\": {\n          \"code\": \"string\",\n          \"description\": \"string\",\n          \"establishmentType\": {\n            \"code\": \"ABC123\",\n            \"description\": \"Some description\"\n          },\n          \"institutionId\": 0,\n          \"institutionName\": \"string\",\n          \"isEstablishment\": true,\n          \"isPrivate\": true,\n          \"nomsPrisonInstitutionCode\": \"string\"\n        },\n        \"nps\": true,\n        \"organisation\": {\n          \"code\": \"ABC123\",\n          \"description\": \"Some description\"\n        },\n        \"probationAreaId\": 0,\n        \"teams\": [\n          {\n            \"borough\": {\n              \"code\": \"ABC123\",\n              \"description\": \"Some description\"\n            },\n            \"code\": \"string\",\n            \"description\": \"string\",\n            \"district\": {\n              \"code\": \"ABC123\",\n              \"description\": \"Some description\"\n            },\n            \"externalProvider\": {\n              \"code\": \"ABC123\",\n              \"description\": \"Some description\"\n            },\n            \"isPrivate\": true,\n            \"localDeliveryUnit\": {\n              \"code\": \"ABC123\",\n              \"description\": \"Some description\"\n            },\n            \"name\": \"string\",\n            \"providerTeamId\": 0,\n            \"scProvider\": {\n              \"code\": \"ABC123\",\n              \"description\": \"Some description\"\n            },\n            \"teamId\": 0\n          }\n        ]\n      },\n      \"providerEmployee\": {\n        \"forenames\": \"Sheila Linda\",\n        \"surname\": \"Hancock\"\n      },\n      \"softDeleted\": true,\n      \"staff\": {\n        \"code\": \"AN001A\",\n        \"forenames\": \"Sheila Linda\",\n        \"surname\": \"Hancock\",\n        \"unallocated\": true\n      },\n      \"team\": {\n        \"borough\": {\n          \"code\": \"ABC123\",\n          \"description\": \"Some description\"\n        },\n        \"code\": \"C01T04\",\n        \"description\": \"OMU A\",\n        \"district\": {\n          \"code\": \"ABC123\",\n          \"description\": \"Some description\"\n        },\n        \"emailAddress\": \"dua.lipa@digital.justice.gov.uk\",\n        \"endDate\": \"2022-04-26\",\n        \"localDeliveryUnit\": {\n          \"code\": \"ABC123\",\n          \"description\": \"Some description\"\n        },\n        \"startDate\": \"2022-04-26\",\n        \"teamType\": {\n          \"code\": \"ABC123\",\n          \"description\": \"Some description\"\n        },\n        \"telephone\": \"123\"\n      },\n      \"toDate\": \"2022-04-26\",\n      \"trustOfficer\": {\n        \"forenames\": \"Dua\",\n        \"surname\": \"Lipa\"\n      }\n    }\n  ],\n  \"offenderProfile\": {\n    \"disabilities\": [\n      {\n        \"disabilityId\": 0,\n        \"disabilityType\": {\n          \"code\": \"ABC123\",\n          \"description\": \"Some description\"\n        },\n        \"endDate\": \"2022-04-26\",\n        \"isActive\": true,\n        \"lastUpdatedDateTime\": \"2020-09-20T11:00:00+01:00\",\n        \"notes\": \"string\",\n        \"provisions\": [\n          {\n            \"finishDate\": \"2022-04-26\",\n            \"notes\": \"string\",\n            \"provisionId\": 0,\n            \"provisionType\": {\n              \"code\": \"ABC123\",\n              \"description\": \"Some description\"\n            },\n            \"startDate\": \"2022-04-26\"\n          }\n        ],\n        \"startDate\": \"2022-04-26\"\n      }\n    ],\n    \"ethnicity\": \"string\",\n    \"genderIdentity\": \"Prefer to self-describe\",\n    \"immigrationStatus\": \"string\",\n    \"nationality\": \"string\",\n    \"notes\": \"string\",\n    \"offenderDetails\": \"string\",\n    \"offenderLanguages\": {\n      \"languageConcerns\": \"string\",\n      \"otherLanguages\": [\n        \"string\"\n      ],\n      \"primaryLanguage\": \"string\",\n      \"requiresInterpreter\": true\n    },\n    \"previousConviction\": {\n      \"convictionDate\": \"2022-04-26\",\n      \"detail\": {\n        \"additionalProp1\": \"string\",\n        \"additionalProp2\": \"string\",\n        \"additionalProp3\": \"string\"\n      }\n    },\n    \"religion\": \"string\",\n    \"remandStatus\": \"string\",\n    \"riskColour\": \"string\",\n    \"secondaryNationality\": \"string\",\n    \"selfDescribedGender\": \"Jedi\",\n    \"sexualOrientation\": \"string\"\n  },\n  \"otherIds\": {\n    \"crn\": \"12345C\",\n    \"croNumber\": \"123456/04A\",\n    \"immigrationNumber\": \"A1234567\",\n    \"mostRecentPrisonerNumber\": \"G12345\",\n    \"niNumber\": \"AA112233B\",\n    \"nomsNumber\": \"A1234CR\",\n    \"pncNumber\": \"2004/0712343H\"\n  },\n  \"partitionArea\": \"National Data\",\n  \"preferredName\": \"Bob\",\n  \"previousSurname\": \"Davis\",\n  \"restrictionMessage\": \"string\",\n  \"softDeleted\": true,\n  \"surname\": \"Smith\",\n  \"title\": \"Mr\"\n}"
  }

 from expectation:

  3d5d7922-869d-46c7-b0ee-90d36e34190a
 |  
2022-05-12 14:56:07.862  INFO 5981 --- [ver-EventLog164] org.mockserver.log.MockServerEventLog    : 8092 removed expectation:

  {
    "httpRequest" : {
      "path" : "/secure/offenders/crn/A12345/all"
    },
    "httpResponse" : {
      "headers" : {
        "content-type" : [ "application/json" ]
      },
      "body" : "{\n  \"activeProbationManagedSentence\": true,\n  \"contactDetails\": {\n    \"addresses\": [\n      {\n        \"addressNumber\": 32,\n        \"buildingName\": \"HMPPS Digital Studio\",\n        \"county\": \"South Yorkshire\",\n        \"createdDatetime\": \"2021-06-11T13:00:00\",\n        \"district\": \"Sheffield City Centre\",\n        \"from\": \"2021-06-10\",\n        \"lastUpdatedDatetime\": \"2021-06-11T14:00:00\",\n        \"latestAssessmentDate\": \"2021-06-11T12:00:00\",\n        \"noFixedAbode\": true,\n        \"notes\": \"Some address notes\",\n        \"postcode\": \"S3 7BS\",\n        \"status\": {\n          \"code\": \"ABC123\",\n          \"description\": \"Main\"\n        },\n        \"streetName\": \"Scotland Street\",\n        \"telephoneNumber\": \"0123456789\",\n        \"to\": \"2021-07-10\",\n        \"town\": \"Sheffield\",\n        \"type\": {\n          \"code\": \"ABC123\",\n          \"description\": \"Some description\"\n        },\n        \"typeVerified\": true\n      },\n      {\n        \"addressNumber\": 33,\n        \"buildingName\": \"HMPPS Digital Studio\",\n        \"county\": \"South Yorkshire\",\n        \"createdDatetime\": \"2021-06-11T13:00:00\",\n        \"district\": \"Sheffield City Centre\",\n        \"from\": \"2020-06-10\",\n        \"lastUpdatedDatetime\": \"2021-06-11T14:00:00\",\n        \"latestAssessmentDate\": \"2021-06-11T12:00:00\",\n        \"noFixedAbode\": true,\n        \"notes\": \"Some address notes\",\n        \"postcode\": \"S3 7BS\",\n        \"status\": {\n          \"code\": \"ABC123\",\n          \"description\": \"Not Main\"\n        },\n        \"streetName\": \"Scotland Street\",\n        \"telephoneNumber\": \"0123456789\",\n        \"to\": \"2020-07-10\",\n        \"town\": \"Sheffield\",\n        \"type\": {\n          \"code\": \"ABC123\",\n          \"description\": \"Some description\"\n        },\n        \"typeVerified\": true\n      }\n    ],\n    \"allowSMS\": true,\n    \"emailAddresses\": [\n      \"string\"\n    ],\n    \"phoneNumbers\": [\n      {\n        \"number\": \"string\",\n        \"type\": \"MOBILE\"\n      }\n    ]\n  },\n  \"currentDisposal\": 1,\n  \"currentExclusion\": true,\n  \"currentRestriction\": true,\n  \"currentTier\": \"D2\",\n  \"dateOfBirth\": \"1982-10-24\",\n  \"exclusionMessage\": \"string\",\n  \"firstName\": \"John\",\n  \"gender\": \"Male\",\n  \"middleNames\": [\n    \"string\"\n  ],\n  \"offenderAliases\": [\n    {\n      \"dateOfBirth\": \"2022-04-26\",\n      \"firstName\": \"string\",\n      \"gender\": \"string\",\n      \"id\": \"string\",\n      \"middleNames\": [\n        \"string\"\n      ],\n      \"surname\": \"string\"\n    }\n  ],\n  \"offenderId\": 0,\n  \"offenderManagers\": [\n    {\n      \"active\": true,\n      \"allocationReason\": {\n        \"code\": \"ABC123\",\n        \"description\": \"Some description\"\n      },\n      \"fromDate\": \"2022-04-26\",\n      \"partitionArea\": \"string\",\n      \"probationArea\": {\n        \"code\": \"N01\",\n        \"description\": \"NPS North West\",\n        \"institution\": {\n          \"code\": \"string\",\n          \"description\": \"string\",\n          \"establishmentType\": {\n            \"code\": \"ABC123\",\n            \"description\": \"Some description\"\n          },\n          \"institutionId\": 0,\n          \"institutionName\": \"string\",\n          \"isEstablishment\": true,\n          \"isPrivate\": true,\n          \"nomsPrisonInstitutionCode\": \"string\"\n        },\n        \"nps\": true,\n        \"organisation\": {\n          \"code\": \"ABC123\",\n          \"description\": \"Some description\"\n        },\n        \"probationAreaId\": 0,\n        \"teams\": [\n          {\n            \"borough\": {\n              \"code\": \"ABC123\",\n              \"description\": \"Some description\"\n            },\n            \"code\": \"string\",\n            \"description\": \"string\",\n            \"district\": {\n              \"code\": \"ABC123\",\n              \"description\": \"Some description\"\n            },\n            \"externalProvider\": {\n              \"code\": \"ABC123\",\n              \"description\": \"Some description\"\n            },\n            \"isPrivate\": true,\n            \"localDeliveryUnit\": {\n              \"code\": \"ABC123\",\n              \"description\": \"Some description\"\n            },\n            \"name\": \"string\",\n            \"providerTeamId\": 0,\n            \"scProvider\": {\n              \"code\": \"ABC123\",\n              \"description\": \"Some description\"\n            },\n            \"teamId\": 0\n          }\n        ]\n      },\n      \"providerEmployee\": {\n        \"forenames\": \"Sheila Linda\",\n        \"surname\": \"Hancock\"\n      },\n      \"softDeleted\": true,\n      \"staff\": {\n        \"code\": \"AN001A\",\n        \"forenames\": \"Sheila Linda\",\n        \"surname\": \"Hancock\",\n        \"unallocated\": true\n      },\n      \"team\": {\n        \"borough\": {\n          \"code\": \"ABC123\",\n          \"description\": \"Some description\"\n        },\n        \"code\": \"C01T04\",\n        \"description\": \"OMU A\",\n        \"district\": {\n          \"code\": \"ABC123\",\n          \"description\": \"Some description\"\n        },\n        \"emailAddress\": \"first.last@digital.justice.gov.uk\",\n        \"endDate\": \"2022-04-26\",\n        \"localDeliveryUnit\": {\n          \"code\": \"ABC123\",\n          \"description\": \"Some description\"\n        },\n        \"startDate\": \"2022-04-26\",\n        \"teamType\": {\n          \"code\": \"ABC123\",\n          \"description\": \"Some description\"\n        },\n        \"telephone\": \"09056714321\"\n      },\n      \"toDate\": \"2022-04-26\",\n      \"trustOfficer\": {\n        \"forenames\": \"Sheila Linda\",\n        \"surname\": \"Hancock\"\n      }\n    },\n    {\n      \"active\": false,\n      \"allocationReason\": {\n        \"code\": \"ABC123\",\n        \"description\": \"Some description\"\n      },\n      \"fromDate\": \"2022-04-26\",\n      \"partitionArea\": \"string\",\n      \"probationArea\": {\n        \"code\": \"N01\",\n        \"description\": \"NPS North West\",\n        \"institution\": {\n          \"code\": \"string\",\n          \"description\": \"string\",\n          \"establishmentType\": {\n            \"code\": \"ABC123\",\n            \"description\": \"Some description\"\n          },\n          \"institutionId\": 0,\n          \"institutionName\": \"string\",\n          \"isEstablishment\": true,\n          \"isPrivate\": true,\n          \"nomsPrisonInstitutionCode\": \"string\"\n        },\n        \"nps\": true,\n        \"organisation\": {\n          \"code\": \"ABC123\",\n          \"description\": \"Some description\"\n        },\n        \"probationAreaId\": 0,\n        \"teams\": [\n          {\n            \"borough\": {\n              \"code\": \"ABC123\",\n              \"description\": \"Some description\"\n            },\n            \"code\": \"string\",\n            \"description\": \"string\",\n            \"district\": {\n              \"code\": \"ABC123\",\n              \"description\": \"Some description\"\n            },\n            \"externalProvider\": {\n              \"code\": \"ABC123\",\n              \"description\": \"Some description\"\n            },\n            \"isPrivate\": true,\n            \"localDeliveryUnit\": {\n              \"code\": \"ABC123\",\n              \"description\": \"Some description\"\n            },\n            \"name\": \"string\",\n            \"providerTeamId\": 0,\n            \"scProvider\": {\n              \"code\": \"ABC123\",\n              \"description\": \"Some description\"\n            },\n            \"teamId\": 0\n          }\n        ]\n      },\n      \"providerEmployee\": {\n        \"forenames\": \"Sheila Linda\",\n        \"surname\": \"Hancock\"\n      },\n      \"softDeleted\": true,\n      \"staff\": {\n        \"code\": \"AN001A\",\n        \"forenames\": \"Sheila Linda\",\n        \"surname\": \"Hancock\",\n        \"unallocated\": true\n      },\n      \"team\": {\n        \"borough\": {\n          \"code\": \"ABC123\",\n          \"description\": \"Some description\"\n        },\n        \"code\": \"C01T04\",\n        \"description\": \"OMU A\",\n        \"district\": {\n          \"code\": \"ABC123\",\n          \"description\": \"Some description\"\n        },\n        \"emailAddress\": \"dua.lipa@digital.justice.gov.uk\",\n        \"endDate\": \"2022-04-26\",\n        \"localDeliveryUnit\": {\n          \"code\": \"ABC123\",\n          \"description\": \"Some description\"\n        },\n        \"startDate\": \"2022-04-26\",\n        \"teamType\": {\n          \"code\": \"ABC123\",\n          \"description\": \"Some description\"\n        },\n        \"telephone\": \"123\"\n      },\n      \"toDate\": \"2022-04-26\",\n      \"trustOfficer\": {\n        \"forenames\": \"Dua\",\n        \"surname\": \"Lipa\"\n      }\n    }\n  ],\n  \"offenderProfile\": {\n    \"disabilities\": [\n      {\n        \"disabilityId\": 0,\n        \"disabilityType\": {\n          \"code\": \"ABC123\",\n          \"description\": \"Some description\"\n        },\n        \"endDate\": \"2022-04-26\",\n        \"isActive\": true,\n        \"lastUpdatedDateTime\": \"2020-09-20T11:00:00+01:00\",\n        \"notes\": \"string\",\n        \"provisions\": [\n          {\n            \"finishDate\": \"2022-04-26\",\n            \"notes\": \"string\",\n            \"provisionId\": 0,\n            \"provisionType\": {\n              \"code\": \"ABC123\",\n              \"description\": \"Some description\"\n            },\n            \"startDate\": \"2022-04-26\"\n          }\n        ],\n        \"startDate\": \"2022-04-26\"\n      }\n    ],\n    \"ethnicity\": \"string\",\n    \"genderIdentity\": \"Prefer to self-describe\",\n    \"immigrationStatus\": \"string\",\n    \"nationality\": \"string\",\n    \"notes\": \"string\",\n    \"offenderDetails\": \"string\",\n    \"offenderLanguages\": {\n      \"languageConcerns\": \"string\",\n      \"otherLanguages\": [\n        \"string\"\n      ],\n      \"primaryLanguage\": \"string\",\n      \"requiresInterpreter\": true\n    },\n    \"previousConviction\": {\n      \"convictionDate\": \"2022-04-26\",\n      \"detail\": {\n        \"additionalProp1\": \"string\",\n        \"additionalProp2\": \"string\",\n        \"additionalProp3\": \"string\"\n      }\n    },\n    \"religion\": \"string\",\n    \"remandStatus\": \"string\",\n    \"riskColour\": \"string\",\n    \"secondaryNationality\": \"string\",\n    \"selfDescribedGender\": \"Jedi\",\n    \"sexualOrientation\": \"string\"\n  },\n  \"otherIds\": {\n    \"crn\": \"12345C\",\n    \"croNumber\": \"123456/04A\",\n    \"immigrationNumber\": \"A1234567\",\n    \"mostRecentPrisonerNumber\": \"G12345\",\n    \"niNumber\": \"AA112233B\",\n    \"nomsNumber\": \"A1234CR\",\n    \"pncNumber\": \"2004/0712343H\"\n  },\n  \"partitionArea\": \"National Data\",\n  \"preferredName\": \"Bob\",\n  \"previousSurname\": \"Davis\",\n  \"restrictionMessage\": \"string\",\n  \"softDeleted\": true,\n  \"surname\": \"Smith\",\n  \"title\": \"Mr\"\n}"
    },
    "id" : "3d5d7922-869d-46c7-b0ee-90d36e34190a",
    "priority" : 0,
    "timeToLive" : {
      "unlimited" : true
    },
    "times" : {
      "remainingTimes" : 0
    }
  }

 with id:

  3d5d7922-869d-46c7-b0ee-90d36e34190a
 |  
2022-05-12 14:56:07.876  INFO 5981 --- [o-auto-1-exec-3] u.g.j.d.h.m.c.SentryContextAppender      : [preHandle] GET /cases/A12345/overview - operationId: 00000000000000000000000000000000 |  
2022-05-12 14:56:07.984  INFO 5981 --- [ver-EventLog164] org.mockserver.log.MockServerEventLog    : 9090 stopped for port: 8092 |  
2022-05-12 14:56:08.091  INFO 5981 --- [ver-EventLog167] org.mockserver.log.MockServerEventLog    : 9090 stopped for port: 8093 |  
2022-05-12 14:56:08.198  INFO 5981 --- [ver-EventLog170] org.mockserver.log.MockServerEventLog    : 9090 stopped for port: 8094 |  
2022-05-12 14:56:08.310  INFO 5981 --- [ver-EventLog173] org.mockserver.log.MockServerEventLog    : 9090 stopped for port: 9090 |  
]]></system-out>
  <system-err><![CDATA[]]></system-err>
</testsuite>
