<?xml version="1.0" encoding="UTF-8"?>
<testsuite name="uk.gov.justice.digital.hmpps.makerecalldecisionapi.health.HealthInfoTest" tests="1" skipped="0" failures="0" errors="0" timestamp="2022-05-12T13:55:47" hostname="Loki-7281" time="0.125">
  <properties/>
  <testcase name="should include version info()" classname="uk.gov.justice.digital.hmpps.makerecalldecisionapi.health.HealthInfoTest" time="0.125"/>
  <system-out><![CDATA[]]></system-out>
  <system-err><![CDATA[]]></system-err>
</testsuite>
