<?xml version="1.0" encoding="UTF-8"?>
<testsuite name="uk.gov.justice.digital.hmpps.makerecalldecisionapi.service.PersonalDetailServiceTest" tests="2" skipped="0" failures="0" errors="0" timestamp="2022-05-12T13:56:31" hostname="Loki-7281" time="0.694">
  <properties/>
  <testcase name="retrieves person details when no registration available()" classname="uk.gov.justice.digital.hmpps.makerecalldecisionapi.service.PersonalDetailServiceTest" time="0.647"/>
  <testcase name="throws exception when no person details available()" classname="uk.gov.justice.digital.hmpps.makerecalldecisionapi.service.PersonalDetailServiceTest" time="0.031"/>
  <system-out><![CDATA[]]></system-out>
  <system-err><![CDATA[]]></system-err>
</testsuite>
