<?xml version="1.0" encoding="UTF-8"?>
<testsuite name="uk.gov.justice.digital.hmpps.makerecalldecisionapi.controller.RiskControllerTest" tests="1" skipped="0" failures="0" errors="0" timestamp="2022-05-12T13:55:47" hostname="Loki-7281" time="0.032">
  <properties/>
  <testcase name="returns a risk response successfully()" classname="uk.gov.justice.digital.hmpps.makerecalldecisionapi.controller.RiskControllerTest" time="0.032"/>
  <system-out><![CDATA[14:55:47.759 [Test worker] INFO uk.gov.justice.digital.hmpps.makerecalldecisionapi.controller.RiskController$Companion - Risk endpoint hit for CRN: 12345
]]></system-out>
  <system-err><![CDATA[]]></system-err>
</testsuite>
